Performing C SOURCE FILE Test C_SUPPORTS_CMAKE_CXX_FLAGS failed with the following output:
Change Dir: /home/nothing/learn-llvm-17/tinylang/build/CMakeFiles/CMakeTmp

Run Build Command(s):/usr/bin/gmake -f Makefile cmTC_6b0f2/fast && /usr/bin/gmake  -f CMakeFiles/cmTC_6b0f2.dir/build.make CMakeFiles/cmTC_6b0f2.dir/build
gmake[1]: Entering directory '/home/nothing/learn-llvm-17/tinylang/build/CMakeFiles/CMakeTmp'
Building C object CMakeFiles/cmTC_6b0f2.dir/src.c.o
/usr/local/bin/clang -DC_SUPPORTS_CMAKE_CXX_FLAGS  -fPIC -fno-semantic-interposition -Werror=date-time -Werror=unguarded-availability-new    -Werror -fno-lifetime-dse -MD -MT CMakeFiles/cmTC_6b0f2.dir/src.c.o -MF CMakeFiles/cmTC_6b0f2.dir/src.c.o.d -o CMakeFiles/cmTC_6b0f2.dir/src.c.o -c /home/nothing/learn-llvm-17/tinylang/build/CMakeFiles/CMakeTmp/src.c
clang: error: unknown argument: '-fno-lifetime-dse'
gmake[1]: *** [CMakeFiles/cmTC_6b0f2.dir/build.make:79: CMakeFiles/cmTC_6b0f2.dir/src.c.o] Error 1
gmake[1]: Leaving directory '/home/nothing/learn-llvm-17/tinylang/build/CMakeFiles/CMakeTmp'
gmake: *** [Makefile:127: cmTC_6b0f2/fast] Error 2


Source file was:
int main(void) { return 0; }
Performing C++ SOURCE FILE Test CXX_SUPPORTS_CMAKE_CXX_FLAGS failed with the following output:
Change Dir: /home/nothing/learn-llvm-17/tinylang/build/CMakeFiles/CMakeTmp

Run Build Command(s):/usr/bin/gmake -f Makefile cmTC_3064a/fast && /usr/bin/gmake  -f CMakeFiles/cmTC_3064a.dir/build.make CMakeFiles/cmTC_3064a.dir/build
gmake[1]: Entering directory '/home/nothing/learn-llvm-17/tinylang/build/CMakeFiles/CMakeTmp'
Building CXX object CMakeFiles/cmTC_3064a.dir/src.cxx.o
/usr/local/bin/clang++ -DCXX_SUPPORTS_CMAKE_CXX_FLAGS  -fPIC -fno-semantic-interposition -fvisibility-inlines-hidden -Werror=date-time -Werror=unguarded-availability-new    -Werror -fno-lifetime-dse -MD -MT CMakeFiles/cmTC_3064a.dir/src.cxx.o -MF CMakeFiles/cmTC_3064a.dir/src.cxx.o.d -o CMakeFiles/cmTC_3064a.dir/src.cxx.o -c /home/nothing/learn-llvm-17/tinylang/build/CMakeFiles/CMakeTmp/src.cxx
clang++: error: unknown argument: '-fno-lifetime-dse'
gmake[1]: *** [CMakeFiles/cmTC_3064a.dir/build.make:79: CMakeFiles/cmTC_3064a.dir/src.cxx.o] Error 1
gmake[1]: Leaving directory '/home/nothing/learn-llvm-17/tinylang/build/CMakeFiles/CMakeTmp'
gmake: *** [Makefile:127: cmTC_3064a/fast] Error 2


Source file was:
int main() { return 0; }
Performing C++ SOURCE FILE Test CXX_SUPPORTS_CLASS_MEMACCESS_FLAG failed with the following output:
Change Dir: /home/nothing/learn-llvm-17/tinylang/build/CMakeFiles/CMakeTmp

Run Build Command(s):/usr/bin/gmake -f Makefile cmTC_33f36/fast && /usr/bin/gmake  -f CMakeFiles/cmTC_33f36.dir/build.make CMakeFiles/cmTC_33f36.dir/build
gmake[1]: Entering directory '/home/nothing/learn-llvm-17/tinylang/build/CMakeFiles/CMakeTmp'
Building CXX object CMakeFiles/cmTC_33f36.dir/src.cxx.o
/usr/local/bin/clang++ -DCXX_SUPPORTS_CLASS_MEMACCESS_FLAG  -fPIC -fno-semantic-interposition -fvisibility-inlines-hidden -Werror=date-time -Werror=unguarded-availability-new -Wall -Wextra -Wno-unused-parameter -Wwrite-strings -Wcast-qual -Wmissing-field-initializers -Wimplicit-fallthrough -Wcovered-switch-default    -Wclass-memaccess -MD -MT CMakeFiles/cmTC_33f36.dir/src.cxx.o -MF CMakeFiles/cmTC_33f36.dir/src.cxx.o.d -o CMakeFiles/cmTC_33f36.dir/src.cxx.o -c /home/nothing/learn-llvm-17/tinylang/build/CMakeFiles/CMakeTmp/src.cxx
warning: unknown warning option '-Wclass-memaccess'; did you mean '-Wclass-varargs'? [-Wunknown-warning-option]
1 warning generated.
Linking CXX executable cmTC_33f36
/usr/bin/cmake -E cmake_link_script CMakeFiles/cmTC_33f36.dir/link.txt --verbose=1
/usr/local/bin/clang++  -fPIC -fno-semantic-interposition -fvisibility-inlines-hidden -Werror=date-time -Werror=unguarded-availability-new -Wall -Wextra -Wno-unused-parameter -Wwrite-strings -Wcast-qual -Wmissing-field-initializers -Wimplicit-fallthrough -Wcovered-switch-default  CMakeFiles/cmTC_33f36.dir/src.cxx.o -o cmTC_33f36 
gmake[1]: Leaving directory '/home/nothing/learn-llvm-17/tinylang/build/CMakeFiles/CMakeTmp'


Source file was:
int main() { return 0; }
Determining if the os_signpost_interval_begin exist failed with the following output:
Change Dir: /home/nothing/learn-llvm-17/tinylang/build/CMakeFiles/CMakeTmp

Run Build Command(s):/usr/bin/gmake -f Makefile cmTC_f5725/fast && /usr/bin/gmake  -f CMakeFiles/cmTC_f5725.dir/build.make CMakeFiles/cmTC_f5725.dir/build
gmake[1]: 进入目录“/home/nothing/learn-llvm-17/tinylang/build/CMakeFiles/CMakeTmp”
Building C object CMakeFiles/cmTC_f5725.dir/CheckSymbolExists.c.o
/usr/local/bin/clang   -fPIC -fno-semantic-interposition  -Wall -Wextra -Wno-unused-parameter -Wwrite-strings -Wcast-qual -Wmissing-field-initializers -Wimplicit-fallthrough -Wcovered-switch-default -Wstring-conversion -Wmisleading-indentation -Wctad-maybe-unsupported  -MD -MT CMakeFiles/cmTC_f5725.dir/CheckSymbolExists.c.o -MF CMakeFiles/cmTC_f5725.dir/CheckSymbolExists.c.o.d -o CMakeFiles/cmTC_f5725.dir/CheckSymbolExists.c.o -c /home/nothing/learn-llvm-17/tinylang/build/CMakeFiles/CMakeTmp/CheckSymbolExists.c
/home/nothing/learn-llvm-17/tinylang/build/CMakeFiles/CMakeTmp/CheckSymbolExists.c:2:10: fatal error: 'os/signpost.h' file not found
    2 | #include <os/signpost.h>
      |          ^~~~~~~~~~~~~~~
1 error generated.
gmake[1]: *** [CMakeFiles/cmTC_f5725.dir/build.make:79：CMakeFiles/cmTC_f5725.dir/CheckSymbolExists.c.o] 错误 1
gmake[1]: 离开目录“/home/nothing/learn-llvm-17/tinylang/build/CMakeFiles/CMakeTmp”
gmake: *** [Makefile:127：cmTC_f5725/fast] 错误 2


File /home/nothing/learn-llvm-17/tinylang/build/CMakeFiles/CMakeTmp/CheckSymbolExists.c:
/* */
#include <os/signpost.h>

int main(int argc, char** argv)
{
  (void)argv;
#ifndef os_signpost_interval_begin
  return ((int*)(&os_signpost_interval_begin))[argc];
#else
  (void)argc;
  return 0;
#endif
}
