The system is: Linux - 6.8.0-47-generic - x86_64
Compiling the C compiler identification source file "CMakeCCompilerId.c" succeeded.
Compiler: /usr/local/bin/clang 
Build flags: 
Id flags:  

The output was:
0


Compilation of the C compiler identification source "CMakeCCompilerId.c" produced "a.out"

The C compiler identification is Clang, found in "/home/nothing/learn-llvm-17/tinylang/build/CMakeFiles/3.22.1/CompilerIdC/a.out"

Compiling the CXX compiler identification source file "CMakeCXXCompilerId.cpp" succeeded.
Compiler: /usr/local/bin/clang++ 
Build flags: 
Id flags:  

The output was:
0


Compilation of the CXX compiler identification source "CMakeCXXCompilerId.cpp" produced "a.out"

The CXX compiler identification is Clang, found in "/home/nothing/learn-llvm-17/tinylang/build/CMakeFiles/3.22.1/CompilerIdCXX/a.out"

Detecting C compiler ABI info compiled with the following output:
Change Dir: /home/nothing/learn-llvm-17/tinylang/build/CMakeFiles/CMakeTmp

Run Build Command(s):/usr/bin/gmake -f Makefile cmTC_c1fa6/fast && /usr/bin/gmake  -f CMakeFiles/cmTC_c1fa6.dir/build.make CMakeFiles/cmTC_c1fa6.dir/build
gmake[1]: Entering directory '/home/nothing/learn-llvm-17/tinylang/build/CMakeFiles/CMakeTmp'
Building C object CMakeFiles/cmTC_c1fa6.dir/CMakeCCompilerABI.c.o
/usr/local/bin/clang   -v -MD -MT CMakeFiles/cmTC_c1fa6.dir/CMakeCCompilerABI.c.o -MF CMakeFiles/cmTC_c1fa6.dir/CMakeCCompilerABI.c.o.d -o CMakeFiles/cmTC_c1fa6.dir/CMakeCCompilerABI.c.o -c /usr/share/cmake-3.22/Modules/CMakeCCompilerABI.c
clang version 17.0.1 (git@github.com:llvm/llvm-project.git e19b7dc36bc047b9eb72078d034596be766da350)
Target: x86_64-unknown-linux-gnu
Thread model: posix
InstalledDir: /usr/local/bin
Found candidate GCC installation: /usr/lib/gcc/x86_64-linux-gnu/11
Selected GCC installation: /usr/lib/gcc/x86_64-linux-gnu/11
Candidate multilib: .;@m64
Selected multilib: .;@m64
 (in-process)
 "/usr/local/bin/clang-17" -cc1 -triple x86_64-unknown-linux-gnu -emit-obj -mrelax-all -disable-free -clear-ast-before-backend -disable-llvm-verifier -discard-value-names -main-file-name CMakeCCompilerABI.c -mrelocation-model pic -pic-level 2 -pic-is-pie -mframe-pointer=all -fmath-errno -ffp-contract=on -fno-rounding-math -mconstructor-aliases -funwind-tables=2 -target-cpu x86-64 -tune-cpu generic -debugger-tuning=gdb -v -fcoverage-compilation-dir=/home/nothing/learn-llvm-17/tinylang/build/CMakeFiles/CMakeTmp -resource-dir /usr/local/lib/clang/17 -dependency-file CMakeFiles/cmTC_c1fa6.dir/CMakeCCompilerABI.c.o.d -MT CMakeFiles/cmTC_c1fa6.dir/CMakeCCompilerABI.c.o -sys-header-deps -canonical-system-headers -internal-isystem /usr/local/lib/clang/17/include -internal-isystem /usr/local/include -internal-isystem /usr/lib/gcc/x86_64-linux-gnu/11/../../../../x86_64-linux-gnu/include -internal-externc-isystem /usr/include/x86_64-linux-gnu -internal-externc-isystem /include -internal-externc-isystem /usr/include -fdebug-compilation-dir=/home/nothing/learn-llvm-17/tinylang/build/CMakeFiles/CMakeTmp -ferror-limit 19 -fgnuc-version=4.2.1 -faddrsig -D__GCC_HAVE_DWARF2_CFI_ASM=1 -o CMakeFiles/cmTC_c1fa6.dir/CMakeCCompilerABI.c.o -x c /usr/share/cmake-3.22/Modules/CMakeCCompilerABI.c
clang -cc1 version 17.0.1 based upon LLVM 17.0.1 default target x86_64-unknown-linux-gnu
ignoring nonexistent directory "/usr/lib/gcc/x86_64-linux-gnu/11/../../../../x86_64-linux-gnu/include"
ignoring nonexistent directory "/include"
#include "..." search starts here:
#include <...> search starts here:
 /usr/local/lib/clang/17/include
 /usr/local/include
 /usr/include/x86_64-linux-gnu
 /usr/include
End of search list.
Linking C executable cmTC_c1fa6
/usr/bin/cmake -E cmake_link_script CMakeFiles/cmTC_c1fa6.dir/link.txt --verbose=1
/usr/local/bin/clang  -v CMakeFiles/cmTC_c1fa6.dir/CMakeCCompilerABI.c.o -o cmTC_c1fa6 
clang version 17.0.1 (git@github.com:llvm/llvm-project.git e19b7dc36bc047b9eb72078d034596be766da350)
Target: x86_64-unknown-linux-gnu
Thread model: posix
InstalledDir: /usr/local/bin
Found candidate GCC installation: /usr/lib/gcc/x86_64-linux-gnu/11
Selected GCC installation: /usr/lib/gcc/x86_64-linux-gnu/11
Candidate multilib: .;@m64
Selected multilib: .;@m64
 "/usr/bin/ld" -pie -z relro --hash-style=gnu --eh-frame-hdr -m elf_x86_64 -dynamic-linker /lib64/ld-linux-x86-64.so.2 -o cmTC_c1fa6 /lib/x86_64-linux-gnu/Scrt1.o /lib/x86_64-linux-gnu/crti.o /usr/lib/gcc/x86_64-linux-gnu/11/crtbeginS.o -L/usr/lib/gcc/x86_64-linux-gnu/11 -L/usr/lib/gcc/x86_64-linux-gnu/11/../../../../lib64 -L/lib/x86_64-linux-gnu -L/lib/../lib64 -L/usr/lib/x86_64-linux-gnu -L/usr/lib/../lib64 -L/lib -L/usr/lib CMakeFiles/cmTC_c1fa6.dir/CMakeCCompilerABI.c.o -lgcc --as-needed -lgcc_s --no-as-needed -lc -lgcc --as-needed -lgcc_s --no-as-needed /usr/lib/gcc/x86_64-linux-gnu/11/crtendS.o /lib/x86_64-linux-gnu/crtn.o
gmake[1]: Leaving directory '/home/nothing/learn-llvm-17/tinylang/build/CMakeFiles/CMakeTmp'



Parsed C implicit include dir info from above output: rv=done
  found start of include info
  found start of implicit include info
    add: [/usr/local/lib/clang/17/include]
    add: [/usr/local/include]
    add: [/usr/include/x86_64-linux-gnu]
    add: [/usr/include]
  end of search list found
  collapse include dir [/usr/local/lib/clang/17/include] ==> [/usr/local/lib/clang/17/include]
  collapse include dir [/usr/local/include] ==> [/usr/local/include]
  collapse include dir [/usr/include/x86_64-linux-gnu] ==> [/usr/include/x86_64-linux-gnu]
  collapse include dir [/usr/include] ==> [/usr/include]
  implicit include dirs: [/usr/local/lib/clang/17/include;/usr/local/include;/usr/include/x86_64-linux-gnu;/usr/include]


Parsed C implicit link information from above output:
  link line regex: [^( *|.*[/\])(ld|CMAKE_LINK_STARTFILE-NOTFOUND|([^/\]+-)?ld|collect2)[^/\]*( |$)]
  ignore line: [Change Dir: /home/nothing/learn-llvm-17/tinylang/build/CMakeFiles/CMakeTmp]
  ignore line: []
  ignore line: [Run Build Command(s):/usr/bin/gmake -f Makefile cmTC_c1fa6/fast && /usr/bin/gmake  -f CMakeFiles/cmTC_c1fa6.dir/build.make CMakeFiles/cmTC_c1fa6.dir/build]
  ignore line: [gmake[1]: Entering directory '/home/nothing/learn-llvm-17/tinylang/build/CMakeFiles/CMakeTmp']
  ignore line: [Building C object CMakeFiles/cmTC_c1fa6.dir/CMakeCCompilerABI.c.o]
  ignore line: [/usr/local/bin/clang   -v -MD -MT CMakeFiles/cmTC_c1fa6.dir/CMakeCCompilerABI.c.o -MF CMakeFiles/cmTC_c1fa6.dir/CMakeCCompilerABI.c.o.d -o CMakeFiles/cmTC_c1fa6.dir/CMakeCCompilerABI.c.o -c /usr/share/cmake-3.22/Modules/CMakeCCompilerABI.c]
  ignore line: [clang version 17.0.1 (git@github.com:llvm/llvm-project.git e19b7dc36bc047b9eb72078d034596be766da350)]
  ignore line: [Target: x86_64-unknown-linux-gnu]
  ignore line: [Thread model: posix]
  ignore line: [InstalledDir: /usr/local/bin]
  ignore line: [Found candidate GCC installation: /usr/lib/gcc/x86_64-linux-gnu/11]
  ignore line: [Selected GCC installation: /usr/lib/gcc/x86_64-linux-gnu/11]
  ignore line: [Candidate multilib: .]
  ignore line: [@m64]
  ignore line: [Selected multilib: .]
  ignore line: [@m64]
  ignore line: [ (in-process)]
  ignore line: [ "/usr/local/bin/clang-17" -cc1 -triple x86_64-unknown-linux-gnu -emit-obj -mrelax-all -disable-free -clear-ast-before-backend -disable-llvm-verifier -discard-value-names -main-file-name CMakeCCompilerABI.c -mrelocation-model pic -pic-level 2 -pic-is-pie -mframe-pointer=all -fmath-errno -ffp-contract=on -fno-rounding-math -mconstructor-aliases -funwind-tables=2 -target-cpu x86-64 -tune-cpu generic -debugger-tuning=gdb -v -fcoverage-compilation-dir=/home/nothing/learn-llvm-17/tinylang/build/CMakeFiles/CMakeTmp -resource-dir /usr/local/lib/clang/17 -dependency-file CMakeFiles/cmTC_c1fa6.dir/CMakeCCompilerABI.c.o.d -MT CMakeFiles/cmTC_c1fa6.dir/CMakeCCompilerABI.c.o -sys-header-deps -canonical-system-headers -internal-isystem /usr/local/lib/clang/17/include -internal-isystem /usr/local/include -internal-isystem /usr/lib/gcc/x86_64-linux-gnu/11/../../../../x86_64-linux-gnu/include -internal-externc-isystem /usr/include/x86_64-linux-gnu -internal-externc-isystem /include -internal-externc-isystem /usr/include -fdebug-compilation-dir=/home/nothing/learn-llvm-17/tinylang/build/CMakeFiles/CMakeTmp -ferror-limit 19 -fgnuc-version=4.2.1 -faddrsig -D__GCC_HAVE_DWARF2_CFI_ASM=1 -o CMakeFiles/cmTC_c1fa6.dir/CMakeCCompilerABI.c.o -x c /usr/share/cmake-3.22/Modules/CMakeCCompilerABI.c]
  ignore line: [clang -cc1 version 17.0.1 based upon LLVM 17.0.1 default target x86_64-unknown-linux-gnu]
  ignore line: [ignoring nonexistent directory "/usr/lib/gcc/x86_64-linux-gnu/11/../../../../x86_64-linux-gnu/include"]
  ignore line: [ignoring nonexistent directory "/include"]
  ignore line: [#include "..." search starts here:]
  ignore line: [#include <...> search starts here:]
  ignore line: [ /usr/local/lib/clang/17/include]
  ignore line: [ /usr/local/include]
  ignore line: [ /usr/include/x86_64-linux-gnu]
  ignore line: [ /usr/include]
  ignore line: [End of search list.]
  ignore line: [Linking C executable cmTC_c1fa6]
  ignore line: [/usr/bin/cmake -E cmake_link_script CMakeFiles/cmTC_c1fa6.dir/link.txt --verbose=1]
  ignore line: [/usr/local/bin/clang  -v CMakeFiles/cmTC_c1fa6.dir/CMakeCCompilerABI.c.o -o cmTC_c1fa6 ]
  ignore line: [clang version 17.0.1 (git@github.com:llvm/llvm-project.git e19b7dc36bc047b9eb72078d034596be766da350)]
  ignore line: [Target: x86_64-unknown-linux-gnu]
  ignore line: [Thread model: posix]
  ignore line: [InstalledDir: /usr/local/bin]
  ignore line: [Found candidate GCC installation: /usr/lib/gcc/x86_64-linux-gnu/11]
  ignore line: [Selected GCC installation: /usr/lib/gcc/x86_64-linux-gnu/11]
  ignore line: [Candidate multilib: .]
  ignore line: [@m64]
  ignore line: [Selected multilib: .]
  ignore line: [@m64]
  link line: [ "/usr/bin/ld" -pie -z relro --hash-style=gnu --eh-frame-hdr -m elf_x86_64 -dynamic-linker /lib64/ld-linux-x86-64.so.2 -o cmTC_c1fa6 /lib/x86_64-linux-gnu/Scrt1.o /lib/x86_64-linux-gnu/crti.o /usr/lib/gcc/x86_64-linux-gnu/11/crtbeginS.o -L/usr/lib/gcc/x86_64-linux-gnu/11 -L/usr/lib/gcc/x86_64-linux-gnu/11/../../../../lib64 -L/lib/x86_64-linux-gnu -L/lib/../lib64 -L/usr/lib/x86_64-linux-gnu -L/usr/lib/../lib64 -L/lib -L/usr/lib CMakeFiles/cmTC_c1fa6.dir/CMakeCCompilerABI.c.o -lgcc --as-needed -lgcc_s --no-as-needed -lc -lgcc --as-needed -lgcc_s --no-as-needed /usr/lib/gcc/x86_64-linux-gnu/11/crtendS.o /lib/x86_64-linux-gnu/crtn.o]
    arg [/usr/bin/ld] ==> ignore
    arg [-pie] ==> ignore
    arg [-zrelro] ==> ignore
    arg [--hash-style=gnu] ==> ignore
    arg [--eh-frame-hdr] ==> ignore
    arg [-m] ==> ignore
    arg [elf_x86_64] ==> ignore
    arg [-dynamic-linker] ==> ignore
    arg [/lib64/ld-linux-x86-64.so.2] ==> ignore
    arg [-o] ==> ignore
    arg [cmTC_c1fa6] ==> ignore
    arg [/lib/x86_64-linux-gnu/Scrt1.o] ==> obj [/lib/x86_64-linux-gnu/Scrt1.o]
    arg [/lib/x86_64-linux-gnu/crti.o] ==> obj [/lib/x86_64-linux-gnu/crti.o]
    arg [/usr/lib/gcc/x86_64-linux-gnu/11/crtbeginS.o] ==> obj [/usr/lib/gcc/x86_64-linux-gnu/11/crtbeginS.o]
    arg [-L/usr/lib/gcc/x86_64-linux-gnu/11] ==> dir [/usr/lib/gcc/x86_64-linux-gnu/11]
    arg [-L/usr/lib/gcc/x86_64-linux-gnu/11/../../../../lib64] ==> dir [/usr/lib/gcc/x86_64-linux-gnu/11/../../../../lib64]
    arg [-L/lib/x86_64-linux-gnu] ==> dir [/lib/x86_64-linux-gnu]
    arg [-L/lib/../lib64] ==> dir [/lib/../lib64]
    arg [-L/usr/lib/x86_64-linux-gnu] ==> dir [/usr/lib/x86_64-linux-gnu]
    arg [-L/usr/lib/../lib64] ==> dir [/usr/lib/../lib64]
    arg [-L/lib] ==> dir [/lib]
    arg [-L/usr/lib] ==> dir [/usr/lib]
    arg [CMakeFiles/cmTC_c1fa6.dir/CMakeCCompilerABI.c.o] ==> ignore
    arg [-lgcc] ==> lib [gcc]
    arg [--as-needed] ==> ignore
    arg [-lgcc_s] ==> lib [gcc_s]
    arg [--no-as-needed] ==> ignore
    arg [-lc] ==> lib [c]
    arg [-lgcc] ==> lib [gcc]
    arg [--as-needed] ==> ignore
    arg [-lgcc_s] ==> lib [gcc_s]
    arg [--no-as-needed] ==> ignore
    arg [/usr/lib/gcc/x86_64-linux-gnu/11/crtendS.o] ==> obj [/usr/lib/gcc/x86_64-linux-gnu/11/crtendS.o]
    arg [/lib/x86_64-linux-gnu/crtn.o] ==> obj [/lib/x86_64-linux-gnu/crtn.o]
  collapse library dir [/usr/lib/gcc/x86_64-linux-gnu/11] ==> [/usr/lib/gcc/x86_64-linux-gnu/11]
  collapse library dir [/usr/lib/gcc/x86_64-linux-gnu/11/../../../../lib64] ==> [/usr/lib64]
  collapse library dir [/lib/x86_64-linux-gnu] ==> [/lib/x86_64-linux-gnu]
  collapse library dir [/lib/../lib64] ==> [/lib64]
  collapse library dir [/usr/lib/x86_64-linux-gnu] ==> [/usr/lib/x86_64-linux-gnu]
  collapse library dir [/usr/lib/../lib64] ==> [/usr/lib64]
  collapse library dir [/lib] ==> [/lib]
  collapse library dir [/usr/lib] ==> [/usr/lib]
  implicit libs: [gcc;gcc_s;c;gcc;gcc_s]
  implicit objs: [/lib/x86_64-linux-gnu/Scrt1.o;/lib/x86_64-linux-gnu/crti.o;/usr/lib/gcc/x86_64-linux-gnu/11/crtbeginS.o;/usr/lib/gcc/x86_64-linux-gnu/11/crtendS.o;/lib/x86_64-linux-gnu/crtn.o]
  implicit dirs: [/usr/lib/gcc/x86_64-linux-gnu/11;/usr/lib64;/lib/x86_64-linux-gnu;/lib64;/usr/lib/x86_64-linux-gnu;/lib;/usr/lib]
  implicit fwks: []


Detecting CXX compiler ABI info compiled with the following output:
Change Dir: /home/nothing/learn-llvm-17/tinylang/build/CMakeFiles/CMakeTmp

Run Build Command(s):/usr/bin/gmake -f Makefile cmTC_c0e7e/fast && /usr/bin/gmake  -f CMakeFiles/cmTC_c0e7e.dir/build.make CMakeFiles/cmTC_c0e7e.dir/build
gmake[1]: Entering directory '/home/nothing/learn-llvm-17/tinylang/build/CMakeFiles/CMakeTmp'
Building CXX object CMakeFiles/cmTC_c0e7e.dir/CMakeCXXCompilerABI.cpp.o
/usr/local/bin/clang++   -v -MD -MT CMakeFiles/cmTC_c0e7e.dir/CMakeCXXCompilerABI.cpp.o -MF CMakeFiles/cmTC_c0e7e.dir/CMakeCXXCompilerABI.cpp.o.d -o CMakeFiles/cmTC_c0e7e.dir/CMakeCXXCompilerABI.cpp.o -c /usr/share/cmake-3.22/Modules/CMakeCXXCompilerABI.cpp
clang version 17.0.1 (git@github.com:llvm/llvm-project.git e19b7dc36bc047b9eb72078d034596be766da350)
Target: x86_64-unknown-linux-gnu
Thread model: posix
InstalledDir: /usr/local/bin
Found candidate GCC installation: /usr/lib/gcc/x86_64-linux-gnu/11
Selected GCC installation: /usr/lib/gcc/x86_64-linux-gnu/11
Candidate multilib: .;@m64
Selected multilib: .;@m64
 (in-process)
 "/usr/local/bin/clang-17" -cc1 -triple x86_64-unknown-linux-gnu -emit-obj -mrelax-all -disable-free -clear-ast-before-backend -disable-llvm-verifier -discard-value-names -main-file-name CMakeCXXCompilerABI.cpp -mrelocation-model pic -pic-level 2 -pic-is-pie -mframe-pointer=all -fmath-errno -ffp-contract=on -fno-rounding-math -mconstructor-aliases -funwind-tables=2 -target-cpu x86-64 -tune-cpu generic -debugger-tuning=gdb -v -fcoverage-compilation-dir=/home/nothing/learn-llvm-17/tinylang/build/CMakeFiles/CMakeTmp -resource-dir /usr/local/lib/clang/17 -dependency-file CMakeFiles/cmTC_c0e7e.dir/CMakeCXXCompilerABI.cpp.o.d -MT CMakeFiles/cmTC_c0e7e.dir/CMakeCXXCompilerABI.cpp.o -sys-header-deps -canonical-system-headers -internal-isystem /usr/lib/gcc/x86_64-linux-gnu/11/../../../../include/c++/11 -internal-isystem /usr/lib/gcc/x86_64-linux-gnu/11/../../../../include/x86_64-linux-gnu/c++/11 -internal-isystem /usr/lib/gcc/x86_64-linux-gnu/11/../../../../include/c++/11/backward -internal-isystem /usr/local/lib/clang/17/include -internal-isystem /usr/local/include -internal-isystem /usr/lib/gcc/x86_64-linux-gnu/11/../../../../x86_64-linux-gnu/include -internal-externc-isystem /usr/include/x86_64-linux-gnu -internal-externc-isystem /include -internal-externc-isystem /usr/include -fdeprecated-macro -fdebug-compilation-dir=/home/nothing/learn-llvm-17/tinylang/build/CMakeFiles/CMakeTmp -ferror-limit 19 -fgnuc-version=4.2.1 -fcxx-exceptions -fexceptions -faddrsig -D__GCC_HAVE_DWARF2_CFI_ASM=1 -o CMakeFiles/cmTC_c0e7e.dir/CMakeCXXCompilerABI.cpp.o -x c++ /usr/share/cmake-3.22/Modules/CMakeCXXCompilerABI.cpp
clang -cc1 version 17.0.1 based upon LLVM 17.0.1 default target x86_64-unknown-linux-gnu
ignoring nonexistent directory "/usr/lib/gcc/x86_64-linux-gnu/11/../../../../x86_64-linux-gnu/include"
ignoring nonexistent directory "/include"
#include "..." search starts here:
#include <...> search starts here:
 /usr/lib/gcc/x86_64-linux-gnu/11/../../../../include/c++/11
 /usr/lib/gcc/x86_64-linux-gnu/11/../../../../include/x86_64-linux-gnu/c++/11
 /usr/lib/gcc/x86_64-linux-gnu/11/../../../../include/c++/11/backward
 /usr/local/lib/clang/17/include
 /usr/local/include
 /usr/include/x86_64-linux-gnu
 /usr/include
End of search list.
Linking CXX executable cmTC_c0e7e
/usr/bin/cmake -E cmake_link_script CMakeFiles/cmTC_c0e7e.dir/link.txt --verbose=1
/usr/local/bin/clang++  -v CMakeFiles/cmTC_c0e7e.dir/CMakeCXXCompilerABI.cpp.o -o cmTC_c0e7e 
clang version 17.0.1 (git@github.com:llvm/llvm-project.git e19b7dc36bc047b9eb72078d034596be766da350)
Target: x86_64-unknown-linux-gnu
Thread model: posix
InstalledDir: /usr/local/bin
Found candidate GCC installation: /usr/lib/gcc/x86_64-linux-gnu/11
Selected GCC installation: /usr/lib/gcc/x86_64-linux-gnu/11
Candidate multilib: .;@m64
Selected multilib: .;@m64
 "/usr/bin/ld" -pie -z relro --hash-style=gnu --eh-frame-hdr -m elf_x86_64 -dynamic-linker /lib64/ld-linux-x86-64.so.2 -o cmTC_c0e7e /lib/x86_64-linux-gnu/Scrt1.o /lib/x86_64-linux-gnu/crti.o /usr/lib/gcc/x86_64-linux-gnu/11/crtbeginS.o -L/usr/lib/gcc/x86_64-linux-gnu/11 -L/usr/lib/gcc/x86_64-linux-gnu/11/../../../../lib64 -L/lib/x86_64-linux-gnu -L/lib/../lib64 -L/usr/lib/x86_64-linux-gnu -L/usr/lib/../lib64 -L/lib -L/usr/lib CMakeFiles/cmTC_c0e7e.dir/CMakeCXXCompilerABI.cpp.o -lstdc++ -lm -lgcc_s -lgcc -lc -lgcc_s -lgcc /usr/lib/gcc/x86_64-linux-gnu/11/crtendS.o /lib/x86_64-linux-gnu/crtn.o
gmake[1]: Leaving directory '/home/nothing/learn-llvm-17/tinylang/build/CMakeFiles/CMakeTmp'



Parsed CXX implicit include dir info from above output: rv=done
  found start of include info
  found start of implicit include info
    add: [/usr/lib/gcc/x86_64-linux-gnu/11/../../../../include/c++/11]
    add: [/usr/lib/gcc/x86_64-linux-gnu/11/../../../../include/x86_64-linux-gnu/c++/11]
    add: [/usr/lib/gcc/x86_64-linux-gnu/11/../../../../include/c++/11/backward]
    add: [/usr/local/lib/clang/17/include]
    add: [/usr/local/include]
    add: [/usr/include/x86_64-linux-gnu]
    add: [/usr/include]
  end of search list found
  collapse include dir [/usr/lib/gcc/x86_64-linux-gnu/11/../../../../include/c++/11] ==> [/usr/include/c++/11]
  collapse include dir [/usr/lib/gcc/x86_64-linux-gnu/11/../../../../include/x86_64-linux-gnu/c++/11] ==> [/usr/include/x86_64-linux-gnu/c++/11]
  collapse include dir [/usr/lib/gcc/x86_64-linux-gnu/11/../../../../include/c++/11/backward] ==> [/usr/include/c++/11/backward]
  collapse include dir [/usr/local/lib/clang/17/include] ==> [/usr/local/lib/clang/17/include]
  collapse include dir [/usr/local/include] ==> [/usr/local/include]
  collapse include dir [/usr/include/x86_64-linux-gnu] ==> [/usr/include/x86_64-linux-gnu]
  collapse include dir [/usr/include] ==> [/usr/include]
  implicit include dirs: [/usr/include/c++/11;/usr/include/x86_64-linux-gnu/c++/11;/usr/include/c++/11/backward;/usr/local/lib/clang/17/include;/usr/local/include;/usr/include/x86_64-linux-gnu;/usr/include]


Parsed CXX implicit link information from above output:
  link line regex: [^( *|.*[/\])(ld|CMAKE_LINK_STARTFILE-NOTFOUND|([^/\]+-)?ld|collect2)[^/\]*( |$)]
  ignore line: [Change Dir: /home/nothing/learn-llvm-17/tinylang/build/CMakeFiles/CMakeTmp]
  ignore line: []
  ignore line: [Run Build Command(s):/usr/bin/gmake -f Makefile cmTC_c0e7e/fast && /usr/bin/gmake  -f CMakeFiles/cmTC_c0e7e.dir/build.make CMakeFiles/cmTC_c0e7e.dir/build]
  ignore line: [gmake[1]: Entering directory '/home/nothing/learn-llvm-17/tinylang/build/CMakeFiles/CMakeTmp']
  ignore line: [Building CXX object CMakeFiles/cmTC_c0e7e.dir/CMakeCXXCompilerABI.cpp.o]
  ignore line: [/usr/local/bin/clang++   -v -MD -MT CMakeFiles/cmTC_c0e7e.dir/CMakeCXXCompilerABI.cpp.o -MF CMakeFiles/cmTC_c0e7e.dir/CMakeCXXCompilerABI.cpp.o.d -o CMakeFiles/cmTC_c0e7e.dir/CMakeCXXCompilerABI.cpp.o -c /usr/share/cmake-3.22/Modules/CMakeCXXCompilerABI.cpp]
  ignore line: [clang version 17.0.1 (git@github.com:llvm/llvm-project.git e19b7dc36bc047b9eb72078d034596be766da350)]
  ignore line: [Target: x86_64-unknown-linux-gnu]
  ignore line: [Thread model: posix]
  ignore line: [InstalledDir: /usr/local/bin]
  ignore line: [Found candidate GCC installation: /usr/lib/gcc/x86_64-linux-gnu/11]
  ignore line: [Selected GCC installation: /usr/lib/gcc/x86_64-linux-gnu/11]
  ignore line: [Candidate multilib: .]
  ignore line: [@m64]
  ignore line: [Selected multilib: .]
  ignore line: [@m64]
  ignore line: [ (in-process)]
  ignore line: [ "/usr/local/bin/clang-17" -cc1 -triple x86_64-unknown-linux-gnu -emit-obj -mrelax-all -disable-free -clear-ast-before-backend -disable-llvm-verifier -discard-value-names -main-file-name CMakeCXXCompilerABI.cpp -mrelocation-model pic -pic-level 2 -pic-is-pie -mframe-pointer=all -fmath-errno -ffp-contract=on -fno-rounding-math -mconstructor-aliases -funwind-tables=2 -target-cpu x86-64 -tune-cpu generic -debugger-tuning=gdb -v -fcoverage-compilation-dir=/home/nothing/learn-llvm-17/tinylang/build/CMakeFiles/CMakeTmp -resource-dir /usr/local/lib/clang/17 -dependency-file CMakeFiles/cmTC_c0e7e.dir/CMakeCXXCompilerABI.cpp.o.d -MT CMakeFiles/cmTC_c0e7e.dir/CMakeCXXCompilerABI.cpp.o -sys-header-deps -canonical-system-headers -internal-isystem /usr/lib/gcc/x86_64-linux-gnu/11/../../../../include/c++/11 -internal-isystem /usr/lib/gcc/x86_64-linux-gnu/11/../../../../include/x86_64-linux-gnu/c++/11 -internal-isystem /usr/lib/gcc/x86_64-linux-gnu/11/../../../../include/c++/11/backward -internal-isystem /usr/local/lib/clang/17/include -internal-isystem /usr/local/include -internal-isystem /usr/lib/gcc/x86_64-linux-gnu/11/../../../../x86_64-linux-gnu/include -internal-externc-isystem /usr/include/x86_64-linux-gnu -internal-externc-isystem /include -internal-externc-isystem /usr/include -fdeprecated-macro -fdebug-compilation-dir=/home/nothing/learn-llvm-17/tinylang/build/CMakeFiles/CMakeTmp -ferror-limit 19 -fgnuc-version=4.2.1 -fcxx-exceptions -fexceptions -faddrsig -D__GCC_HAVE_DWARF2_CFI_ASM=1 -o CMakeFiles/cmTC_c0e7e.dir/CMakeCXXCompilerABI.cpp.o -x c++ /usr/share/cmake-3.22/Modules/CMakeCXXCompilerABI.cpp]
  ignore line: [clang -cc1 version 17.0.1 based upon LLVM 17.0.1 default target x86_64-unknown-linux-gnu]
  ignore line: [ignoring nonexistent directory "/usr/lib/gcc/x86_64-linux-gnu/11/../../../../x86_64-linux-gnu/include"]
  ignore line: [ignoring nonexistent directory "/include"]
  ignore line: [#include "..." search starts here:]
  ignore line: [#include <...> search starts here:]
  ignore line: [ /usr/lib/gcc/x86_64-linux-gnu/11/../../../../include/c++/11]
  ignore line: [ /usr/lib/gcc/x86_64-linux-gnu/11/../../../../include/x86_64-linux-gnu/c++/11]
  ignore line: [ /usr/lib/gcc/x86_64-linux-gnu/11/../../../../include/c++/11/backward]
  ignore line: [ /usr/local/lib/clang/17/include]
  ignore line: [ /usr/local/include]
  ignore line: [ /usr/include/x86_64-linux-gnu]
  ignore line: [ /usr/include]
  ignore line: [End of search list.]
  ignore line: [Linking CXX executable cmTC_c0e7e]
  ignore line: [/usr/bin/cmake -E cmake_link_script CMakeFiles/cmTC_c0e7e.dir/link.txt --verbose=1]
  ignore line: [/usr/local/bin/clang++  -v CMakeFiles/cmTC_c0e7e.dir/CMakeCXXCompilerABI.cpp.o -o cmTC_c0e7e ]
  ignore line: [clang version 17.0.1 (git@github.com:llvm/llvm-project.git e19b7dc36bc047b9eb72078d034596be766da350)]
  ignore line: [Target: x86_64-unknown-linux-gnu]
  ignore line: [Thread model: posix]
  ignore line: [InstalledDir: /usr/local/bin]
  ignore line: [Found candidate GCC installation: /usr/lib/gcc/x86_64-linux-gnu/11]
  ignore line: [Selected GCC installation: /usr/lib/gcc/x86_64-linux-gnu/11]
  ignore line: [Candidate multilib: .]
  ignore line: [@m64]
  ignore line: [Selected multilib: .]
  ignore line: [@m64]
  link line: [ "/usr/bin/ld" -pie -z relro --hash-style=gnu --eh-frame-hdr -m elf_x86_64 -dynamic-linker /lib64/ld-linux-x86-64.so.2 -o cmTC_c0e7e /lib/x86_64-linux-gnu/Scrt1.o /lib/x86_64-linux-gnu/crti.o /usr/lib/gcc/x86_64-linux-gnu/11/crtbeginS.o -L/usr/lib/gcc/x86_64-linux-gnu/11 -L/usr/lib/gcc/x86_64-linux-gnu/11/../../../../lib64 -L/lib/x86_64-linux-gnu -L/lib/../lib64 -L/usr/lib/x86_64-linux-gnu -L/usr/lib/../lib64 -L/lib -L/usr/lib CMakeFiles/cmTC_c0e7e.dir/CMakeCXXCompilerABI.cpp.o -lstdc++ -lm -lgcc_s -lgcc -lc -lgcc_s -lgcc /usr/lib/gcc/x86_64-linux-gnu/11/crtendS.o /lib/x86_64-linux-gnu/crtn.o]
    arg [/usr/bin/ld] ==> ignore
    arg [-pie] ==> ignore
    arg [-zrelro] ==> ignore
    arg [--hash-style=gnu] ==> ignore
    arg [--eh-frame-hdr] ==> ignore
    arg [-m] ==> ignore
    arg [elf_x86_64] ==> ignore
    arg [-dynamic-linker] ==> ignore
    arg [/lib64/ld-linux-x86-64.so.2] ==> ignore
    arg [-o] ==> ignore
    arg [cmTC_c0e7e] ==> ignore
    arg [/lib/x86_64-linux-gnu/Scrt1.o] ==> obj [/lib/x86_64-linux-gnu/Scrt1.o]
    arg [/lib/x86_64-linux-gnu/crti.o] ==> obj [/lib/x86_64-linux-gnu/crti.o]
    arg [/usr/lib/gcc/x86_64-linux-gnu/11/crtbeginS.o] ==> obj [/usr/lib/gcc/x86_64-linux-gnu/11/crtbeginS.o]
    arg [-L/usr/lib/gcc/x86_64-linux-gnu/11] ==> dir [/usr/lib/gcc/x86_64-linux-gnu/11]
    arg [-L/usr/lib/gcc/x86_64-linux-gnu/11/../../../../lib64] ==> dir [/usr/lib/gcc/x86_64-linux-gnu/11/../../../../lib64]
    arg [-L/lib/x86_64-linux-gnu] ==> dir [/lib/x86_64-linux-gnu]
    arg [-L/lib/../lib64] ==> dir [/lib/../lib64]
    arg [-L/usr/lib/x86_64-linux-gnu] ==> dir [/usr/lib/x86_64-linux-gnu]
    arg [-L/usr/lib/../lib64] ==> dir [/usr/lib/../lib64]
    arg [-L/lib] ==> dir [/lib]
    arg [-L/usr/lib] ==> dir [/usr/lib]
    arg [CMakeFiles/cmTC_c0e7e.dir/CMakeCXXCompilerABI.cpp.o] ==> ignore
    arg [-lstdc++] ==> lib [stdc++]
    arg [-lm] ==> lib [m]
    arg [-lgcc_s] ==> lib [gcc_s]
    arg [-lgcc] ==> lib [gcc]
    arg [-lc] ==> lib [c]
    arg [-lgcc_s] ==> lib [gcc_s]
    arg [-lgcc] ==> lib [gcc]
    arg [/usr/lib/gcc/x86_64-linux-gnu/11/crtendS.o] ==> obj [/usr/lib/gcc/x86_64-linux-gnu/11/crtendS.o]
    arg [/lib/x86_64-linux-gnu/crtn.o] ==> obj [/lib/x86_64-linux-gnu/crtn.o]
  collapse library dir [/usr/lib/gcc/x86_64-linux-gnu/11] ==> [/usr/lib/gcc/x86_64-linux-gnu/11]
  collapse library dir [/usr/lib/gcc/x86_64-linux-gnu/11/../../../../lib64] ==> [/usr/lib64]
  collapse library dir [/lib/x86_64-linux-gnu] ==> [/lib/x86_64-linux-gnu]
  collapse library dir [/lib/../lib64] ==> [/lib64]
  collapse library dir [/usr/lib/x86_64-linux-gnu] ==> [/usr/lib/x86_64-linux-gnu]
  collapse library dir [/usr/lib/../lib64] ==> [/usr/lib64]
  collapse library dir [/lib] ==> [/lib]
  collapse library dir [/usr/lib] ==> [/usr/lib]
  implicit libs: [stdc++;m;gcc_s;gcc;c;gcc_s;gcc]
  implicit objs: [/lib/x86_64-linux-gnu/Scrt1.o;/lib/x86_64-linux-gnu/crti.o;/usr/lib/gcc/x86_64-linux-gnu/11/crtbeginS.o;/usr/lib/gcc/x86_64-linux-gnu/11/crtendS.o;/lib/x86_64-linux-gnu/crtn.o]
  implicit dirs: [/usr/lib/gcc/x86_64-linux-gnu/11;/usr/lib64;/lib/x86_64-linux-gnu;/lib64;/usr/lib/x86_64-linux-gnu;/lib;/usr/lib]
  implicit fwks: []


Performing C++ SOURCE FILE Test LLVM_LIBSTDCXX_MIN succeeded with the following output:
Change Dir: /home/nothing/learn-llvm-17/tinylang/build/CMakeFiles/CMakeTmp

Run Build Command(s):/usr/bin/gmake -f Makefile cmTC_f4e43/fast && /usr/bin/gmake  -f CMakeFiles/cmTC_f4e43.dir/build.make CMakeFiles/cmTC_f4e43.dir/build
gmake[1]: 进入目录“/home/nothing/learn-llvm-17/tinylang/build/CMakeFiles/CMakeTmp”
Building CXX object CMakeFiles/cmTC_f4e43.dir/src.cxx.o
/usr/local/bin/clang++ -DLLVM_LIBSTDCXX_MIN  -std=c++0x -MD -MT CMakeFiles/cmTC_f4e43.dir/src.cxx.o -MF CMakeFiles/cmTC_f4e43.dir/src.cxx.o.d -o CMakeFiles/cmTC_f4e43.dir/src.cxx.o -c /home/nothing/learn-llvm-17/tinylang/build/CMakeFiles/CMakeTmp/src.cxx
Linking CXX executable cmTC_f4e43
/usr/bin/cmake -E cmake_link_script CMakeFiles/cmTC_f4e43.dir/link.txt --verbose=1
/usr/local/bin/clang++   -std=c++0x CMakeFiles/cmTC_f4e43.dir/src.cxx.o -o cmTC_f4e43 
gmake[1]: 离开目录“/home/nothing/learn-llvm-17/tinylang/build/CMakeFiles/CMakeTmp”


Source file was:

#include <iosfwd>
#if defined(__GLIBCXX__)
#if !defined(_GLIBCXX_RELEASE) || _GLIBCXX_RELEASE < 7
#error Unsupported libstdc++ version
#endif
#endif
int main() { return 0; }

Performing C++ SOURCE FILE Test LLVM_LIBSTDCXX_SOFT_ERROR succeeded with the following output:
Change Dir: /home/nothing/learn-llvm-17/tinylang/build/CMakeFiles/CMakeTmp

Run Build Command(s):/usr/bin/gmake -f Makefile cmTC_261e3/fast && /usr/bin/gmake  -f CMakeFiles/cmTC_261e3.dir/build.make CMakeFiles/cmTC_261e3.dir/build
gmake[1]: 进入目录“/home/nothing/learn-llvm-17/tinylang/build/CMakeFiles/CMakeTmp”
Building CXX object CMakeFiles/cmTC_261e3.dir/src.cxx.o
/usr/local/bin/clang++ -DLLVM_LIBSTDCXX_SOFT_ERROR  -std=c++0x -MD -MT CMakeFiles/cmTC_261e3.dir/src.cxx.o -MF CMakeFiles/cmTC_261e3.dir/src.cxx.o.d -o CMakeFiles/cmTC_261e3.dir/src.cxx.o -c /home/nothing/learn-llvm-17/tinylang/build/CMakeFiles/CMakeTmp/src.cxx
Linking CXX executable cmTC_261e3
/usr/bin/cmake -E cmake_link_script CMakeFiles/cmTC_261e3.dir/link.txt --verbose=1
/usr/local/bin/clang++   -std=c++0x CMakeFiles/cmTC_261e3.dir/src.cxx.o -o cmTC_261e3 
gmake[1]: 离开目录“/home/nothing/learn-llvm-17/tinylang/build/CMakeFiles/CMakeTmp”


Source file was:

#include <iosfwd>
#if defined(__GLIBCXX__)
#if !defined(_GLIBCXX_RELEASE) || _GLIBCXX_RELEASE < 7
#error Unsupported libstdc++ version
#endif
#endif
int main() { return 0; }

Performing C SOURCE FILE Test C_SUPPORTS_FPIC succeeded with the following output:
Change Dir: /home/nothing/learn-llvm-17/tinylang/build/CMakeFiles/CMakeTmp

Run Build Command(s):/usr/bin/gmake -f Makefile cmTC_83184/fast && /usr/bin/gmake  -f CMakeFiles/cmTC_83184.dir/build.make CMakeFiles/cmTC_83184.dir/build
gmake[1]: Entering directory '/home/nothing/learn-llvm-17/tinylang/build/CMakeFiles/CMakeTmp'
Building C object CMakeFiles/cmTC_83184.dir/src.c.o
/usr/local/bin/clang -DC_SUPPORTS_FPIC  -Werror -fPIC -MD -MT CMakeFiles/cmTC_83184.dir/src.c.o -MF CMakeFiles/cmTC_83184.dir/src.c.o.d -o CMakeFiles/cmTC_83184.dir/src.c.o -c /home/nothing/learn-llvm-17/tinylang/build/CMakeFiles/CMakeTmp/src.c
Linking C executable cmTC_83184
/usr/bin/cmake -E cmake_link_script CMakeFiles/cmTC_83184.dir/link.txt --verbose=1
/usr/local/bin/clang CMakeFiles/cmTC_83184.dir/src.c.o -o cmTC_83184 
gmake[1]: Leaving directory '/home/nothing/learn-llvm-17/tinylang/build/CMakeFiles/CMakeTmp'


Source file was:
int main(void) { return 0; }
Performing C++ SOURCE FILE Test CXX_SUPPORTS_FPIC succeeded with the following output:
Change Dir: /home/nothing/learn-llvm-17/tinylang/build/CMakeFiles/CMakeTmp

Run Build Command(s):/usr/bin/gmake -f Makefile cmTC_66c6a/fast && /usr/bin/gmake  -f CMakeFiles/cmTC_66c6a.dir/build.make CMakeFiles/cmTC_66c6a.dir/build
gmake[1]: Entering directory '/home/nothing/learn-llvm-17/tinylang/build/CMakeFiles/CMakeTmp'
Building CXX object CMakeFiles/cmTC_66c6a.dir/src.cxx.o
/usr/local/bin/clang++ -DCXX_SUPPORTS_FPIC  -Werror -fPIC -MD -MT CMakeFiles/cmTC_66c6a.dir/src.cxx.o -MF CMakeFiles/cmTC_66c6a.dir/src.cxx.o.d -o CMakeFiles/cmTC_66c6a.dir/src.cxx.o -c /home/nothing/learn-llvm-17/tinylang/build/CMakeFiles/CMakeTmp/src.cxx
Linking CXX executable cmTC_66c6a
/usr/bin/cmake -E cmake_link_script CMakeFiles/cmTC_66c6a.dir/link.txt --verbose=1
/usr/local/bin/clang++ CMakeFiles/cmTC_66c6a.dir/src.cxx.o -o cmTC_66c6a 
gmake[1]: Leaving directory '/home/nothing/learn-llvm-17/tinylang/build/CMakeFiles/CMakeTmp'


Source file was:
int main() { return 0; }
Performing C SOURCE FILE Test C_SUPPORTS_FNO_SEMANTIC_INTERPOSITION succeeded with the following output:
Change Dir: /home/nothing/learn-llvm-17/tinylang/build/CMakeFiles/CMakeTmp

Run Build Command(s):/usr/bin/gmake -f Makefile cmTC_24f2d/fast && /usr/bin/gmake  -f CMakeFiles/cmTC_24f2d.dir/build.make CMakeFiles/cmTC_24f2d.dir/build
gmake[1]: Entering directory '/home/nothing/learn-llvm-17/tinylang/build/CMakeFiles/CMakeTmp'
Building C object CMakeFiles/cmTC_24f2d.dir/src.c.o
/usr/local/bin/clang -DC_SUPPORTS_FNO_SEMANTIC_INTERPOSITION  -fPIC    -Werror -fno-semantic-interposition -MD -MT CMakeFiles/cmTC_24f2d.dir/src.c.o -MF CMakeFiles/cmTC_24f2d.dir/src.c.o.d -o CMakeFiles/cmTC_24f2d.dir/src.c.o -c /home/nothing/learn-llvm-17/tinylang/build/CMakeFiles/CMakeTmp/src.c
Linking C executable cmTC_24f2d
/usr/bin/cmake -E cmake_link_script CMakeFiles/cmTC_24f2d.dir/link.txt --verbose=1
/usr/local/bin/clang  -fPIC  CMakeFiles/cmTC_24f2d.dir/src.c.o -o cmTC_24f2d 
gmake[1]: Leaving directory '/home/nothing/learn-llvm-17/tinylang/build/CMakeFiles/CMakeTmp'


Source file was:
int main(void) { return 0; }
Performing C++ SOURCE FILE Test CXX_SUPPORTS_FNO_SEMANTIC_INTERPOSITION succeeded with the following output:
Change Dir: /home/nothing/learn-llvm-17/tinylang/build/CMakeFiles/CMakeTmp

Run Build Command(s):/usr/bin/gmake -f Makefile cmTC_6863c/fast && /usr/bin/gmake  -f CMakeFiles/cmTC_6863c.dir/build.make CMakeFiles/cmTC_6863c.dir/build
gmake[1]: Entering directory '/home/nothing/learn-llvm-17/tinylang/build/CMakeFiles/CMakeTmp'
Building CXX object CMakeFiles/cmTC_6863c.dir/src.cxx.o
/usr/local/bin/clang++ -DCXX_SUPPORTS_FNO_SEMANTIC_INTERPOSITION  -fPIC    -Werror -fno-semantic-interposition -MD -MT CMakeFiles/cmTC_6863c.dir/src.cxx.o -MF CMakeFiles/cmTC_6863c.dir/src.cxx.o.d -o CMakeFiles/cmTC_6863c.dir/src.cxx.o -c /home/nothing/learn-llvm-17/tinylang/build/CMakeFiles/CMakeTmp/src.cxx
Linking CXX executable cmTC_6863c
/usr/bin/cmake -E cmake_link_script CMakeFiles/cmTC_6863c.dir/link.txt --verbose=1
/usr/local/bin/clang++  -fPIC  CMakeFiles/cmTC_6863c.dir/src.cxx.o -o cmTC_6863c 
gmake[1]: Leaving directory '/home/nothing/learn-llvm-17/tinylang/build/CMakeFiles/CMakeTmp'


Source file was:
int main() { return 0; }
Performing C++ SOURCE FILE Test SUPPORTS_FVISIBILITY_INLINES_HIDDEN_FLAG succeeded with the following output:
Change Dir: /home/nothing/learn-llvm-17/tinylang/build/CMakeFiles/CMakeTmp

Run Build Command(s):/usr/bin/gmake -f Makefile cmTC_35c93/fast && /usr/bin/gmake  -f CMakeFiles/cmTC_35c93.dir/build.make CMakeFiles/cmTC_35c93.dir/build
gmake[1]: Entering directory '/home/nothing/learn-llvm-17/tinylang/build/CMakeFiles/CMakeTmp'
Building CXX object CMakeFiles/cmTC_35c93.dir/src.cxx.o
/usr/local/bin/clang++ -DSUPPORTS_FVISIBILITY_INLINES_HIDDEN_FLAG  -fPIC -fno-semantic-interposition    -fvisibility-inlines-hidden -MD -MT CMakeFiles/cmTC_35c93.dir/src.cxx.o -MF CMakeFiles/cmTC_35c93.dir/src.cxx.o.d -o CMakeFiles/cmTC_35c93.dir/src.cxx.o -c /home/nothing/learn-llvm-17/tinylang/build/CMakeFiles/CMakeTmp/src.cxx
Linking CXX executable cmTC_35c93
/usr/bin/cmake -E cmake_link_script CMakeFiles/cmTC_35c93.dir/link.txt --verbose=1
/usr/local/bin/clang++  -fPIC -fno-semantic-interposition  CMakeFiles/cmTC_35c93.dir/src.cxx.o -o cmTC_35c93 
gmake[1]: Leaving directory '/home/nothing/learn-llvm-17/tinylang/build/CMakeFiles/CMakeTmp'


Source file was:
int main() { return 0; }
Performing C SOURCE FILE Test C_SUPPORTS_WERROR_DATE_TIME succeeded with the following output:
Change Dir: /home/nothing/learn-llvm-17/tinylang/build/CMakeFiles/CMakeTmp

Run Build Command(s):/usr/bin/gmake -f Makefile cmTC_87d85/fast && /usr/bin/gmake  -f CMakeFiles/cmTC_87d85.dir/build.make CMakeFiles/cmTC_87d85.dir/build
gmake[1]: Entering directory '/home/nothing/learn-llvm-17/tinylang/build/CMakeFiles/CMakeTmp'
Building C object CMakeFiles/cmTC_87d85.dir/src.c.o
/usr/local/bin/clang -DC_SUPPORTS_WERROR_DATE_TIME  -fPIC -fno-semantic-interposition    -Werror -Werror=date-time -MD -MT CMakeFiles/cmTC_87d85.dir/src.c.o -MF CMakeFiles/cmTC_87d85.dir/src.c.o.d -o CMakeFiles/cmTC_87d85.dir/src.c.o -c /home/nothing/learn-llvm-17/tinylang/build/CMakeFiles/CMakeTmp/src.c
Linking C executable cmTC_87d85
/usr/bin/cmake -E cmake_link_script CMakeFiles/cmTC_87d85.dir/link.txt --verbose=1
/usr/local/bin/clang  -fPIC -fno-semantic-interposition  CMakeFiles/cmTC_87d85.dir/src.c.o -o cmTC_87d85 
gmake[1]: Leaving directory '/home/nothing/learn-llvm-17/tinylang/build/CMakeFiles/CMakeTmp'


Source file was:
int main(void) { return 0; }
Performing C++ SOURCE FILE Test CXX_SUPPORTS_WERROR_DATE_TIME succeeded with the following output:
Change Dir: /home/nothing/learn-llvm-17/tinylang/build/CMakeFiles/CMakeTmp

Run Build Command(s):/usr/bin/gmake -f Makefile cmTC_dce42/fast && /usr/bin/gmake  -f CMakeFiles/cmTC_dce42.dir/build.make CMakeFiles/cmTC_dce42.dir/build
gmake[1]: Entering directory '/home/nothing/learn-llvm-17/tinylang/build/CMakeFiles/CMakeTmp'
Building CXX object CMakeFiles/cmTC_dce42.dir/src.cxx.o
/usr/local/bin/clang++ -DCXX_SUPPORTS_WERROR_DATE_TIME  -fPIC -fno-semantic-interposition -fvisibility-inlines-hidden    -Werror -Werror=date-time -MD -MT CMakeFiles/cmTC_dce42.dir/src.cxx.o -MF CMakeFiles/cmTC_dce42.dir/src.cxx.o.d -o CMakeFiles/cmTC_dce42.dir/src.cxx.o -c /home/nothing/learn-llvm-17/tinylang/build/CMakeFiles/CMakeTmp/src.cxx
Linking CXX executable cmTC_dce42
/usr/bin/cmake -E cmake_link_script CMakeFiles/cmTC_dce42.dir/link.txt --verbose=1
/usr/local/bin/clang++  -fPIC -fno-semantic-interposition -fvisibility-inlines-hidden  CMakeFiles/cmTC_dce42.dir/src.cxx.o -o cmTC_dce42 
gmake[1]: Leaving directory '/home/nothing/learn-llvm-17/tinylang/build/CMakeFiles/CMakeTmp'


Source file was:
int main() { return 0; }
Performing C SOURCE FILE Test C_SUPPORTS_WERROR_UNGUARDED_AVAILABILITY_NEW succeeded with the following output:
Change Dir: /home/nothing/learn-llvm-17/tinylang/build/CMakeFiles/CMakeTmp

Run Build Command(s):/usr/bin/gmake -f Makefile cmTC_e13a0/fast && /usr/bin/gmake  -f CMakeFiles/cmTC_e13a0.dir/build.make CMakeFiles/cmTC_e13a0.dir/build
gmake[1]: Entering directory '/home/nothing/learn-llvm-17/tinylang/build/CMakeFiles/CMakeTmp'
Building C object CMakeFiles/cmTC_e13a0.dir/src.c.o
/usr/local/bin/clang -DC_SUPPORTS_WERROR_UNGUARDED_AVAILABILITY_NEW  -fPIC -fno-semantic-interposition -Werror=date-time    -Werror -Werror=unguarded-availability-new -MD -MT CMakeFiles/cmTC_e13a0.dir/src.c.o -MF CMakeFiles/cmTC_e13a0.dir/src.c.o.d -o CMakeFiles/cmTC_e13a0.dir/src.c.o -c /home/nothing/learn-llvm-17/tinylang/build/CMakeFiles/CMakeTmp/src.c
Linking C executable cmTC_e13a0
/usr/bin/cmake -E cmake_link_script CMakeFiles/cmTC_e13a0.dir/link.txt --verbose=1
/usr/local/bin/clang  -fPIC -fno-semantic-interposition -Werror=date-time  CMakeFiles/cmTC_e13a0.dir/src.c.o -o cmTC_e13a0 
gmake[1]: Leaving directory '/home/nothing/learn-llvm-17/tinylang/build/CMakeFiles/CMakeTmp'


Source file was:
int main(void) { return 0; }
Performing C++ SOURCE FILE Test CXX_SUPPORTS_WERROR_UNGUARDED_AVAILABILITY_NEW succeeded with the following output:
Change Dir: /home/nothing/learn-llvm-17/tinylang/build/CMakeFiles/CMakeTmp

Run Build Command(s):/usr/bin/gmake -f Makefile cmTC_bed60/fast && /usr/bin/gmake  -f CMakeFiles/cmTC_bed60.dir/build.make CMakeFiles/cmTC_bed60.dir/build
gmake[1]: Entering directory '/home/nothing/learn-llvm-17/tinylang/build/CMakeFiles/CMakeTmp'
Building CXX object CMakeFiles/cmTC_bed60.dir/src.cxx.o
/usr/local/bin/clang++ -DCXX_SUPPORTS_WERROR_UNGUARDED_AVAILABILITY_NEW  -fPIC -fno-semantic-interposition -fvisibility-inlines-hidden -Werror=date-time    -Werror -Werror=unguarded-availability-new -MD -MT CMakeFiles/cmTC_bed60.dir/src.cxx.o -MF CMakeFiles/cmTC_bed60.dir/src.cxx.o.d -o CMakeFiles/cmTC_bed60.dir/src.cxx.o -c /home/nothing/learn-llvm-17/tinylang/build/CMakeFiles/CMakeTmp/src.cxx
Linking CXX executable cmTC_bed60
/usr/bin/cmake -E cmake_link_script CMakeFiles/cmTC_bed60.dir/link.txt --verbose=1
/usr/local/bin/clang++  -fPIC -fno-semantic-interposition -fvisibility-inlines-hidden -Werror=date-time  CMakeFiles/cmTC_bed60.dir/src.cxx.o -o cmTC_bed60 
gmake[1]: Leaving directory '/home/nothing/learn-llvm-17/tinylang/build/CMakeFiles/CMakeTmp'


Source file was:
int main() { return 0; }
Performing C++ SOURCE FILE Test CXX_SUPPORTS_MISSING_FIELD_INITIALIZERS_FLAG succeeded with the following output:
Change Dir: /home/nothing/learn-llvm-17/tinylang/build/CMakeFiles/CMakeTmp

Run Build Command(s):/usr/bin/gmake -f Makefile cmTC_9cf5e/fast && /usr/bin/gmake  -f CMakeFiles/cmTC_9cf5e.dir/build.make CMakeFiles/cmTC_9cf5e.dir/build
gmake[1]: Entering directory '/home/nothing/learn-llvm-17/tinylang/build/CMakeFiles/CMakeTmp'
Building CXX object CMakeFiles/cmTC_9cf5e.dir/src.cxx.o
/usr/local/bin/clang++ -DCXX_SUPPORTS_MISSING_FIELD_INITIALIZERS_FLAG  -fPIC -fno-semantic-interposition -fvisibility-inlines-hidden -Werror=date-time -Werror=unguarded-availability-new -Wall -Wextra -Wno-unused-parameter -Wwrite-strings -Wcast-qual    -Wmissing-field-initializers -MD -MT CMakeFiles/cmTC_9cf5e.dir/src.cxx.o -MF CMakeFiles/cmTC_9cf5e.dir/src.cxx.o.d -o CMakeFiles/cmTC_9cf5e.dir/src.cxx.o -c /home/nothing/learn-llvm-17/tinylang/build/CMakeFiles/CMakeTmp/src.cxx
Linking CXX executable cmTC_9cf5e
/usr/bin/cmake -E cmake_link_script CMakeFiles/cmTC_9cf5e.dir/link.txt --verbose=1
/usr/local/bin/clang++  -fPIC -fno-semantic-interposition -fvisibility-inlines-hidden -Werror=date-time -Werror=unguarded-availability-new -Wall -Wextra -Wno-unused-parameter -Wwrite-strings -Wcast-qual  CMakeFiles/cmTC_9cf5e.dir/src.cxx.o -o cmTC_9cf5e 
gmake[1]: Leaving directory '/home/nothing/learn-llvm-17/tinylang/build/CMakeFiles/CMakeTmp'


Source file was:
int main() { return 0; }
Performing C SOURCE FILE Test C_SUPPORTS_IMPLICIT_FALLTHROUGH_FLAG succeeded with the following output:
Change Dir: /home/nothing/learn-llvm-17/tinylang/build/CMakeFiles/CMakeTmp

Run Build Command(s):/usr/bin/gmake -f Makefile cmTC_d3d6c/fast && /usr/bin/gmake  -f CMakeFiles/cmTC_d3d6c.dir/build.make CMakeFiles/cmTC_d3d6c.dir/build
gmake[1]: Entering directory '/home/nothing/learn-llvm-17/tinylang/build/CMakeFiles/CMakeTmp'
Building C object CMakeFiles/cmTC_d3d6c.dir/src.c.o
/usr/local/bin/clang -DC_SUPPORTS_IMPLICIT_FALLTHROUGH_FLAG  -fPIC -fno-semantic-interposition -Werror=date-time -Werror=unguarded-availability-new -Wall -Wextra -Wno-unused-parameter -Wwrite-strings -Wcast-qual -Wmissing-field-initializers    -Werror -Wimplicit-fallthrough -MD -MT CMakeFiles/cmTC_d3d6c.dir/src.c.o -MF CMakeFiles/cmTC_d3d6c.dir/src.c.o.d -o CMakeFiles/cmTC_d3d6c.dir/src.c.o -c /home/nothing/learn-llvm-17/tinylang/build/CMakeFiles/CMakeTmp/src.c
Linking C executable cmTC_d3d6c
/usr/bin/cmake -E cmake_link_script CMakeFiles/cmTC_d3d6c.dir/link.txt --verbose=1
/usr/local/bin/clang  -fPIC -fno-semantic-interposition -Werror=date-time -Werror=unguarded-availability-new -Wall -Wextra -Wno-unused-parameter -Wwrite-strings -Wcast-qual -Wmissing-field-initializers  CMakeFiles/cmTC_d3d6c.dir/src.c.o -o cmTC_d3d6c 
gmake[1]: Leaving directory '/home/nothing/learn-llvm-17/tinylang/build/CMakeFiles/CMakeTmp'


Source file was:
int main(void) { return 0; }
Performing C++ SOURCE FILE Test CXX_SUPPORTS_IMPLICIT_FALLTHROUGH_FLAG succeeded with the following output:
Change Dir: /home/nothing/learn-llvm-17/tinylang/build/CMakeFiles/CMakeTmp

Run Build Command(s):/usr/bin/gmake -f Makefile cmTC_9bf17/fast && /usr/bin/gmake  -f CMakeFiles/cmTC_9bf17.dir/build.make CMakeFiles/cmTC_9bf17.dir/build
gmake[1]: Entering directory '/home/nothing/learn-llvm-17/tinylang/build/CMakeFiles/CMakeTmp'
Building CXX object CMakeFiles/cmTC_9bf17.dir/src.cxx.o
/usr/local/bin/clang++ -DCXX_SUPPORTS_IMPLICIT_FALLTHROUGH_FLAG  -fPIC -fno-semantic-interposition -fvisibility-inlines-hidden -Werror=date-time -Werror=unguarded-availability-new -Wall -Wextra -Wno-unused-parameter -Wwrite-strings -Wcast-qual -Wmissing-field-initializers    -Werror -Wimplicit-fallthrough -MD -MT CMakeFiles/cmTC_9bf17.dir/src.cxx.o -MF CMakeFiles/cmTC_9bf17.dir/src.cxx.o.d -o CMakeFiles/cmTC_9bf17.dir/src.cxx.o -c /home/nothing/learn-llvm-17/tinylang/build/CMakeFiles/CMakeTmp/src.cxx
Linking CXX executable cmTC_9bf17
/usr/bin/cmake -E cmake_link_script CMakeFiles/cmTC_9bf17.dir/link.txt --verbose=1
/usr/local/bin/clang++  -fPIC -fno-semantic-interposition -fvisibility-inlines-hidden -Werror=date-time -Werror=unguarded-availability-new -Wall -Wextra -Wno-unused-parameter -Wwrite-strings -Wcast-qual -Wmissing-field-initializers  CMakeFiles/cmTC_9bf17.dir/src.cxx.o -o cmTC_9bf17 
gmake[1]: Leaving directory '/home/nothing/learn-llvm-17/tinylang/build/CMakeFiles/CMakeTmp'


Source file was:
int main() { return 0; }
Performing C SOURCE FILE Test C_SUPPORTS_COVERED_SWITCH_DEFAULT_FLAG succeeded with the following output:
Change Dir: /home/nothing/learn-llvm-17/tinylang/build/CMakeFiles/CMakeTmp

Run Build Command(s):/usr/bin/gmake -f Makefile cmTC_4f384/fast && /usr/bin/gmake  -f CMakeFiles/cmTC_4f384.dir/build.make CMakeFiles/cmTC_4f384.dir/build
gmake[1]: Entering directory '/home/nothing/learn-llvm-17/tinylang/build/CMakeFiles/CMakeTmp'
Building C object CMakeFiles/cmTC_4f384.dir/src.c.o
/usr/local/bin/clang -DC_SUPPORTS_COVERED_SWITCH_DEFAULT_FLAG  -fPIC -fno-semantic-interposition -Werror=date-time -Werror=unguarded-availability-new -Wall -Wextra -Wno-unused-parameter -Wwrite-strings -Wcast-qual -Wmissing-field-initializers -Wimplicit-fallthrough    -Werror -Wcovered-switch-default -MD -MT CMakeFiles/cmTC_4f384.dir/src.c.o -MF CMakeFiles/cmTC_4f384.dir/src.c.o.d -o CMakeFiles/cmTC_4f384.dir/src.c.o -c /home/nothing/learn-llvm-17/tinylang/build/CMakeFiles/CMakeTmp/src.c
Linking C executable cmTC_4f384
/usr/bin/cmake -E cmake_link_script CMakeFiles/cmTC_4f384.dir/link.txt --verbose=1
/usr/local/bin/clang  -fPIC -fno-semantic-interposition -Werror=date-time -Werror=unguarded-availability-new -Wall -Wextra -Wno-unused-parameter -Wwrite-strings -Wcast-qual -Wmissing-field-initializers -Wimplicit-fallthrough  CMakeFiles/cmTC_4f384.dir/src.c.o -o cmTC_4f384 
gmake[1]: Leaving directory '/home/nothing/learn-llvm-17/tinylang/build/CMakeFiles/CMakeTmp'


Source file was:
int main(void) { return 0; }
Performing C++ SOURCE FILE Test CXX_SUPPORTS_COVERED_SWITCH_DEFAULT_FLAG succeeded with the following output:
Change Dir: /home/nothing/learn-llvm-17/tinylang/build/CMakeFiles/CMakeTmp

Run Build Command(s):/usr/bin/gmake -f Makefile cmTC_36798/fast && /usr/bin/gmake  -f CMakeFiles/cmTC_36798.dir/build.make CMakeFiles/cmTC_36798.dir/build
gmake[1]: Entering directory '/home/nothing/learn-llvm-17/tinylang/build/CMakeFiles/CMakeTmp'
Building CXX object CMakeFiles/cmTC_36798.dir/src.cxx.o
/usr/local/bin/clang++ -DCXX_SUPPORTS_COVERED_SWITCH_DEFAULT_FLAG  -fPIC -fno-semantic-interposition -fvisibility-inlines-hidden -Werror=date-time -Werror=unguarded-availability-new -Wall -Wextra -Wno-unused-parameter -Wwrite-strings -Wcast-qual -Wmissing-field-initializers -Wimplicit-fallthrough    -Werror -Wcovered-switch-default -MD -MT CMakeFiles/cmTC_36798.dir/src.cxx.o -MF CMakeFiles/cmTC_36798.dir/src.cxx.o.d -o CMakeFiles/cmTC_36798.dir/src.cxx.o -c /home/nothing/learn-llvm-17/tinylang/build/CMakeFiles/CMakeTmp/src.cxx
Linking CXX executable cmTC_36798
/usr/bin/cmake -E cmake_link_script CMakeFiles/cmTC_36798.dir/link.txt --verbose=1
/usr/local/bin/clang++  -fPIC -fno-semantic-interposition -fvisibility-inlines-hidden -Werror=date-time -Werror=unguarded-availability-new -Wall -Wextra -Wno-unused-parameter -Wwrite-strings -Wcast-qual -Wmissing-field-initializers -Wimplicit-fallthrough  CMakeFiles/cmTC_36798.dir/src.cxx.o -o cmTC_36798 
gmake[1]: Leaving directory '/home/nothing/learn-llvm-17/tinylang/build/CMakeFiles/CMakeTmp'


Source file was:
int main() { return 0; }
Performing C++ SOURCE FILE Test CXX_SUPPORTS_NOEXCEPT_TYPE_FLAG succeeded with the following output:
Change Dir: /home/nothing/learn-llvm-17/tinylang/build/CMakeFiles/CMakeTmp

Run Build Command(s):/usr/bin/gmake -f Makefile cmTC_d8ce2/fast && /usr/bin/gmake  -f CMakeFiles/cmTC_d8ce2.dir/build.make CMakeFiles/cmTC_d8ce2.dir/build
gmake[1]: Entering directory '/home/nothing/learn-llvm-17/tinylang/build/CMakeFiles/CMakeTmp'
Building CXX object CMakeFiles/cmTC_d8ce2.dir/src.cxx.o
/usr/local/bin/clang++ -DCXX_SUPPORTS_NOEXCEPT_TYPE_FLAG  -fPIC -fno-semantic-interposition -fvisibility-inlines-hidden -Werror=date-time -Werror=unguarded-availability-new -Wall -Wextra -Wno-unused-parameter -Wwrite-strings -Wcast-qual -Wmissing-field-initializers -Wimplicit-fallthrough -Wcovered-switch-default    -Wnoexcept-type -MD -MT CMakeFiles/cmTC_d8ce2.dir/src.cxx.o -MF CMakeFiles/cmTC_d8ce2.dir/src.cxx.o.d -o CMakeFiles/cmTC_d8ce2.dir/src.cxx.o -c /home/nothing/learn-llvm-17/tinylang/build/CMakeFiles/CMakeTmp/src.cxx
Linking CXX executable cmTC_d8ce2
/usr/bin/cmake -E cmake_link_script CMakeFiles/cmTC_d8ce2.dir/link.txt --verbose=1
/usr/local/bin/clang++  -fPIC -fno-semantic-interposition -fvisibility-inlines-hidden -Werror=date-time -Werror=unguarded-availability-new -Wall -Wextra -Wno-unused-parameter -Wwrite-strings -Wcast-qual -Wmissing-field-initializers -Wimplicit-fallthrough -Wcovered-switch-default  CMakeFiles/cmTC_d8ce2.dir/src.cxx.o -o cmTC_d8ce2 
gmake[1]: Leaving directory '/home/nothing/learn-llvm-17/tinylang/build/CMakeFiles/CMakeTmp'


Source file was:
int main() { return 0; }
Performing C++ SOURCE FILE Test CXX_WONT_WARN_ON_FINAL_NONVIRTUALDTOR succeeded with the following output:
Change Dir: /home/nothing/learn-llvm-17/tinylang/build/CMakeFiles/CMakeTmp

Run Build Command(s):/usr/bin/gmake -f Makefile cmTC_f9b9e/fast && /usr/bin/gmake  -f CMakeFiles/cmTC_f9b9e.dir/build.make CMakeFiles/cmTC_f9b9e.dir/build
gmake[1]: 进入目录“/home/nothing/learn-llvm-17/tinylang/build/CMakeFiles/CMakeTmp”
Building CXX object CMakeFiles/cmTC_f9b9e.dir/src.cxx.o
/usr/local/bin/clang++ -DCXX_WONT_WARN_ON_FINAL_NONVIRTUALDTOR  -fPIC -fno-semantic-interposition -fvisibility-inlines-hidden -Werror=date-time -Werror=unguarded-availability-new -Wall -Wextra -Wno-unused-parameter -Wwrite-strings -Wcast-qual -Wmissing-field-initializers -Wimplicit-fallthrough -Wcovered-switch-default -Wno-noexcept-type  -Werror=non-virtual-dtor -MD -MT CMakeFiles/cmTC_f9b9e.dir/src.cxx.o -MF CMakeFiles/cmTC_f9b9e.dir/src.cxx.o.d -o CMakeFiles/cmTC_f9b9e.dir/src.cxx.o -c /home/nothing/learn-llvm-17/tinylang/build/CMakeFiles/CMakeTmp/src.cxx
Linking CXX executable cmTC_f9b9e
/usr/bin/cmake -E cmake_link_script CMakeFiles/cmTC_f9b9e.dir/link.txt --verbose=1
/usr/local/bin/clang++  -fPIC -fno-semantic-interposition -fvisibility-inlines-hidden -Werror=date-time -Werror=unguarded-availability-new -Wall -Wextra -Wno-unused-parameter -Wwrite-strings -Wcast-qual -Wmissing-field-initializers -Wimplicit-fallthrough -Wcovered-switch-default -Wno-noexcept-type  -Werror=non-virtual-dtor CMakeFiles/cmTC_f9b9e.dir/src.cxx.o -o cmTC_f9b9e 
gmake[1]: 离开目录“/home/nothing/learn-llvm-17/tinylang/build/CMakeFiles/CMakeTmp”


Source file was:
class f {};
                             class base {friend f; public: virtual void anchor();protected: ~base();};
                             int main() { return 0; }
Performing C++ SOURCE FILE Test CXX_SUPPORTS_SUGGEST_OVERRIDE_FLAG succeeded with the following output:
Change Dir: /home/nothing/learn-llvm-17/tinylang/build/CMakeFiles/CMakeTmp

Run Build Command(s):/usr/bin/gmake -f Makefile cmTC_5042a/fast && /usr/bin/gmake  -f CMakeFiles/cmTC_5042a.dir/build.make CMakeFiles/cmTC_5042a.dir/build
gmake[1]: Entering directory '/home/nothing/learn-llvm-17/tinylang/build/CMakeFiles/CMakeTmp'
Building CXX object CMakeFiles/cmTC_5042a.dir/src.cxx.o
/usr/local/bin/clang++ -DCXX_SUPPORTS_SUGGEST_OVERRIDE_FLAG  -fPIC -fno-semantic-interposition -fvisibility-inlines-hidden -Werror=date-time -Werror=unguarded-availability-new -Wall -Wextra -Wno-unused-parameter -Wwrite-strings -Wcast-qual -Wmissing-field-initializers -Wimplicit-fallthrough -Wcovered-switch-default -Wno-noexcept-type -Wnon-virtual-dtor -Wdelete-non-virtual-dtor    -Wsuggest-override -MD -MT CMakeFiles/cmTC_5042a.dir/src.cxx.o -MF CMakeFiles/cmTC_5042a.dir/src.cxx.o.d -o CMakeFiles/cmTC_5042a.dir/src.cxx.o -c /home/nothing/learn-llvm-17/tinylang/build/CMakeFiles/CMakeTmp/src.cxx
Linking CXX executable cmTC_5042a
/usr/bin/cmake -E cmake_link_script CMakeFiles/cmTC_5042a.dir/link.txt --verbose=1
/usr/local/bin/clang++  -fPIC -fno-semantic-interposition -fvisibility-inlines-hidden -Werror=date-time -Werror=unguarded-availability-new -Wall -Wextra -Wno-unused-parameter -Wwrite-strings -Wcast-qual -Wmissing-field-initializers -Wimplicit-fallthrough -Wcovered-switch-default -Wno-noexcept-type -Wnon-virtual-dtor -Wdelete-non-virtual-dtor  CMakeFiles/cmTC_5042a.dir/src.cxx.o -o cmTC_5042a 
gmake[1]: Leaving directory '/home/nothing/learn-llvm-17/tinylang/build/CMakeFiles/CMakeTmp'


Source file was:
int main() { return 0; }
Performing C++ SOURCE FILE Test CXX_WSUGGEST_OVERRIDE_ALLOWS_ONLY_FINAL succeeded with the following output:
Change Dir: /home/nothing/learn-llvm-17/tinylang/build/CMakeFiles/CMakeTmp

Run Build Command(s):/usr/bin/gmake -f Makefile cmTC_2d13c/fast && /usr/bin/gmake  -f CMakeFiles/cmTC_2d13c.dir/build.make CMakeFiles/cmTC_2d13c.dir/build
gmake[1]: 进入目录“/home/nothing/learn-llvm-17/tinylang/build/CMakeFiles/CMakeTmp”
Building CXX object CMakeFiles/cmTC_2d13c.dir/src.cxx.o
/usr/local/bin/clang++ -DCXX_WSUGGEST_OVERRIDE_ALLOWS_ONLY_FINAL  -fPIC -fno-semantic-interposition -fvisibility-inlines-hidden -Werror=date-time -Werror=unguarded-availability-new -Wall -Wextra -Wno-unused-parameter -Wwrite-strings -Wcast-qual -Wmissing-field-initializers -Wimplicit-fallthrough -Wcovered-switch-default -Wno-noexcept-type -Wnon-virtual-dtor -Wdelete-non-virtual-dtor  -Werror=suggest-override -MD -MT CMakeFiles/cmTC_2d13c.dir/src.cxx.o -MF CMakeFiles/cmTC_2d13c.dir/src.cxx.o.d -o CMakeFiles/cmTC_2d13c.dir/src.cxx.o -c /home/nothing/learn-llvm-17/tinylang/build/CMakeFiles/CMakeTmp/src.cxx
/home/nothing/learn-llvm-17/tinylang/build/CMakeFiles/CMakeTmp/src.cxx:1:7: warning: 'base' has virtual functions but non-virtual destructor [-Wnon-virtual-dtor]
    1 | class base {public: virtual void anchor();};
      |       ^
/home/nothing/learn-llvm-17/tinylang/build/CMakeFiles/CMakeTmp/src.cxx:2:38: warning: 'derived' has virtual functions but non-virtual destructor [-Wnon-virtual-dtor]
    2 |                                class derived : base {public: void anchor() final;};
      |                                      ^
2 warnings generated.
Linking CXX executable cmTC_2d13c
/usr/bin/cmake -E cmake_link_script CMakeFiles/cmTC_2d13c.dir/link.txt --verbose=1
/usr/local/bin/clang++  -fPIC -fno-semantic-interposition -fvisibility-inlines-hidden -Werror=date-time -Werror=unguarded-availability-new -Wall -Wextra -Wno-unused-parameter -Wwrite-strings -Wcast-qual -Wmissing-field-initializers -Wimplicit-fallthrough -Wcovered-switch-default -Wno-noexcept-type -Wnon-virtual-dtor -Wdelete-non-virtual-dtor  -Werror=suggest-override CMakeFiles/cmTC_2d13c.dir/src.cxx.o -o cmTC_2d13c 
gmake[1]: 离开目录“/home/nothing/learn-llvm-17/tinylang/build/CMakeFiles/CMakeTmp”


Source file was:
class base {public: virtual void anchor();};
                               class derived : base {public: void anchor() final;};
                               int main() { return 0; }
Performing C SOURCE FILE Test C_WCOMMENT_ALLOWS_LINE_WRAP succeeded with the following output:
Change Dir: /home/nothing/learn-llvm-17/tinylang/build/CMakeFiles/CMakeTmp

Run Build Command(s):/usr/bin/gmake -f Makefile cmTC_99d4e/fast && /usr/bin/gmake  -f CMakeFiles/cmTC_99d4e.dir/build.make CMakeFiles/cmTC_99d4e.dir/build
gmake[1]: 进入目录“/home/nothing/learn-llvm-17/tinylang/build/CMakeFiles/CMakeTmp”
Building C object CMakeFiles/cmTC_99d4e.dir/src.c.o
/usr/local/bin/clang -DC_WCOMMENT_ALLOWS_LINE_WRAP  -fPIC -fno-semantic-interposition -Werror=date-time -Werror=unguarded-availability-new -Wall -Wextra -Wno-unused-parameter -Wwrite-strings -Wcast-qual -Wmissing-field-initializers -Wimplicit-fallthrough -Wcovered-switch-default  -Werror -Wcomment -MD -MT CMakeFiles/cmTC_99d4e.dir/src.c.o -MF CMakeFiles/cmTC_99d4e.dir/src.c.o.d -o CMakeFiles/cmTC_99d4e.dir/src.c.o -c /home/nothing/learn-llvm-17/tinylang/build/CMakeFiles/CMakeTmp/src.c
Linking C executable cmTC_99d4e
/usr/bin/cmake -E cmake_link_script CMakeFiles/cmTC_99d4e.dir/link.txt --verbose=1
/usr/local/bin/clang  -fPIC -fno-semantic-interposition -Werror=date-time -Werror=unguarded-availability-new -Wall -Wextra -Wno-unused-parameter -Wwrite-strings -Wcast-qual -Wmissing-field-initializers -Wimplicit-fallthrough -Wcovered-switch-default  -Werror -Wcomment CMakeFiles/cmTC_99d4e.dir/src.c.o -o cmTC_99d4e 
gmake[1]: 离开目录“/home/nothing/learn-llvm-17/tinylang/build/CMakeFiles/CMakeTmp”


Source file was:
// \
//
int main(void) {return 0;}
Performing C SOURCE FILE Test C_SUPPORTS_STRING_CONVERSION_FLAG succeeded with the following output:
Change Dir: /home/nothing/learn-llvm-17/tinylang/build/CMakeFiles/CMakeTmp

Run Build Command(s):/usr/bin/gmake -f Makefile cmTC_620be/fast && /usr/bin/gmake  -f CMakeFiles/cmTC_620be.dir/build.make CMakeFiles/cmTC_620be.dir/build
gmake[1]: Entering directory '/home/nothing/learn-llvm-17/tinylang/build/CMakeFiles/CMakeTmp'
Building C object CMakeFiles/cmTC_620be.dir/src.c.o
/usr/local/bin/clang -DC_SUPPORTS_STRING_CONVERSION_FLAG  -fPIC -fno-semantic-interposition -Werror=date-time -Werror=unguarded-availability-new -Wall -Wextra -Wno-unused-parameter -Wwrite-strings -Wcast-qual -Wmissing-field-initializers -Wimplicit-fallthrough -Wcovered-switch-default    -Werror -Wstring-conversion -MD -MT CMakeFiles/cmTC_620be.dir/src.c.o -MF CMakeFiles/cmTC_620be.dir/src.c.o.d -o CMakeFiles/cmTC_620be.dir/src.c.o -c /home/nothing/learn-llvm-17/tinylang/build/CMakeFiles/CMakeTmp/src.c
Linking C executable cmTC_620be
/usr/bin/cmake -E cmake_link_script CMakeFiles/cmTC_620be.dir/link.txt --verbose=1
/usr/local/bin/clang  -fPIC -fno-semantic-interposition -Werror=date-time -Werror=unguarded-availability-new -Wall -Wextra -Wno-unused-parameter -Wwrite-strings -Wcast-qual -Wmissing-field-initializers -Wimplicit-fallthrough -Wcovered-switch-default  CMakeFiles/cmTC_620be.dir/src.c.o -o cmTC_620be 
gmake[1]: Leaving directory '/home/nothing/learn-llvm-17/tinylang/build/CMakeFiles/CMakeTmp'


Source file was:
int main(void) { return 0; }
Performing C++ SOURCE FILE Test CXX_SUPPORTS_STRING_CONVERSION_FLAG succeeded with the following output:
Change Dir: /home/nothing/learn-llvm-17/tinylang/build/CMakeFiles/CMakeTmp

Run Build Command(s):/usr/bin/gmake -f Makefile cmTC_51bf6/fast && /usr/bin/gmake  -f CMakeFiles/cmTC_51bf6.dir/build.make CMakeFiles/cmTC_51bf6.dir/build
gmake[1]: Entering directory '/home/nothing/learn-llvm-17/tinylang/build/CMakeFiles/CMakeTmp'
Building CXX object CMakeFiles/cmTC_51bf6.dir/src.cxx.o
/usr/local/bin/clang++ -DCXX_SUPPORTS_STRING_CONVERSION_FLAG  -fPIC -fno-semantic-interposition -fvisibility-inlines-hidden -Werror=date-time -Werror=unguarded-availability-new -Wall -Wextra -Wno-unused-parameter -Wwrite-strings -Wcast-qual -Wmissing-field-initializers -Wimplicit-fallthrough -Wcovered-switch-default -Wno-noexcept-type -Wnon-virtual-dtor -Wdelete-non-virtual-dtor -Wsuggest-override    -Werror -Wstring-conversion -MD -MT CMakeFiles/cmTC_51bf6.dir/src.cxx.o -MF CMakeFiles/cmTC_51bf6.dir/src.cxx.o.d -o CMakeFiles/cmTC_51bf6.dir/src.cxx.o -c /home/nothing/learn-llvm-17/tinylang/build/CMakeFiles/CMakeTmp/src.cxx
Linking CXX executable cmTC_51bf6
/usr/bin/cmake -E cmake_link_script CMakeFiles/cmTC_51bf6.dir/link.txt --verbose=1
/usr/local/bin/clang++  -fPIC -fno-semantic-interposition -fvisibility-inlines-hidden -Werror=date-time -Werror=unguarded-availability-new -Wall -Wextra -Wno-unused-parameter -Wwrite-strings -Wcast-qual -Wmissing-field-initializers -Wimplicit-fallthrough -Wcovered-switch-default -Wno-noexcept-type -Wnon-virtual-dtor -Wdelete-non-virtual-dtor -Wsuggest-override  CMakeFiles/cmTC_51bf6.dir/src.cxx.o -o cmTC_51bf6 
gmake[1]: Leaving directory '/home/nothing/learn-llvm-17/tinylang/build/CMakeFiles/CMakeTmp'


Source file was:
int main() { return 0; }
Performing C SOURCE FILE Test C_SUPPORTS_MISLEADING_INDENTATION_FLAG succeeded with the following output:
Change Dir: /home/nothing/learn-llvm-17/tinylang/build/CMakeFiles/CMakeTmp

Run Build Command(s):/usr/bin/gmake -f Makefile cmTC_d0f25/fast && /usr/bin/gmake  -f CMakeFiles/cmTC_d0f25.dir/build.make CMakeFiles/cmTC_d0f25.dir/build
gmake[1]: Entering directory '/home/nothing/learn-llvm-17/tinylang/build/CMakeFiles/CMakeTmp'
Building C object CMakeFiles/cmTC_d0f25.dir/src.c.o
/usr/local/bin/clang -DC_SUPPORTS_MISLEADING_INDENTATION_FLAG  -fPIC -fno-semantic-interposition -Werror=date-time -Werror=unguarded-availability-new -Wall -Wextra -Wno-unused-parameter -Wwrite-strings -Wcast-qual -Wmissing-field-initializers -Wimplicit-fallthrough -Wcovered-switch-default -Wstring-conversion    -Werror -Wmisleading-indentation -MD -MT CMakeFiles/cmTC_d0f25.dir/src.c.o -MF CMakeFiles/cmTC_d0f25.dir/src.c.o.d -o CMakeFiles/cmTC_d0f25.dir/src.c.o -c /home/nothing/learn-llvm-17/tinylang/build/CMakeFiles/CMakeTmp/src.c
Linking C executable cmTC_d0f25
/usr/bin/cmake -E cmake_link_script CMakeFiles/cmTC_d0f25.dir/link.txt --verbose=1
/usr/local/bin/clang  -fPIC -fno-semantic-interposition -Werror=date-time -Werror=unguarded-availability-new -Wall -Wextra -Wno-unused-parameter -Wwrite-strings -Wcast-qual -Wmissing-field-initializers -Wimplicit-fallthrough -Wcovered-switch-default -Wstring-conversion  CMakeFiles/cmTC_d0f25.dir/src.c.o -o cmTC_d0f25 
gmake[1]: Leaving directory '/home/nothing/learn-llvm-17/tinylang/build/CMakeFiles/CMakeTmp'


Source file was:
int main(void) { return 0; }
Performing C++ SOURCE FILE Test CXX_SUPPORTS_MISLEADING_INDENTATION_FLAG succeeded with the following output:
Change Dir: /home/nothing/learn-llvm-17/tinylang/build/CMakeFiles/CMakeTmp

Run Build Command(s):/usr/bin/gmake -f Makefile cmTC_64498/fast && /usr/bin/gmake  -f CMakeFiles/cmTC_64498.dir/build.make CMakeFiles/cmTC_64498.dir/build
gmake[1]: Entering directory '/home/nothing/learn-llvm-17/tinylang/build/CMakeFiles/CMakeTmp'
Building CXX object CMakeFiles/cmTC_64498.dir/src.cxx.o
/usr/local/bin/clang++ -DCXX_SUPPORTS_MISLEADING_INDENTATION_FLAG  -fPIC -fno-semantic-interposition -fvisibility-inlines-hidden -Werror=date-time -Werror=unguarded-availability-new -Wall -Wextra -Wno-unused-parameter -Wwrite-strings -Wcast-qual -Wmissing-field-initializers -Wimplicit-fallthrough -Wcovered-switch-default -Wno-noexcept-type -Wnon-virtual-dtor -Wdelete-non-virtual-dtor -Wsuggest-override -Wstring-conversion    -Werror -Wmisleading-indentation -MD -MT CMakeFiles/cmTC_64498.dir/src.cxx.o -MF CMakeFiles/cmTC_64498.dir/src.cxx.o.d -o CMakeFiles/cmTC_64498.dir/src.cxx.o -c /home/nothing/learn-llvm-17/tinylang/build/CMakeFiles/CMakeTmp/src.cxx
Linking CXX executable cmTC_64498
/usr/bin/cmake -E cmake_link_script CMakeFiles/cmTC_64498.dir/link.txt --verbose=1
/usr/local/bin/clang++  -fPIC -fno-semantic-interposition -fvisibility-inlines-hidden -Werror=date-time -Werror=unguarded-availability-new -Wall -Wextra -Wno-unused-parameter -Wwrite-strings -Wcast-qual -Wmissing-field-initializers -Wimplicit-fallthrough -Wcovered-switch-default -Wno-noexcept-type -Wnon-virtual-dtor -Wdelete-non-virtual-dtor -Wsuggest-override -Wstring-conversion  CMakeFiles/cmTC_64498.dir/src.cxx.o -o cmTC_64498 
gmake[1]: Leaving directory '/home/nothing/learn-llvm-17/tinylang/build/CMakeFiles/CMakeTmp'


Source file was:
int main() { return 0; }
Performing C SOURCE FILE Test C_SUPPORTS_CTAD_MAYBE_UNSPPORTED_FLAG succeeded with the following output:
Change Dir: /home/nothing/learn-llvm-17/tinylang/build/CMakeFiles/CMakeTmp

Run Build Command(s):/usr/bin/gmake -f Makefile cmTC_afa4b/fast && /usr/bin/gmake  -f CMakeFiles/cmTC_afa4b.dir/build.make CMakeFiles/cmTC_afa4b.dir/build
gmake[1]: Entering directory '/home/nothing/learn-llvm-17/tinylang/build/CMakeFiles/CMakeTmp'
Building C object CMakeFiles/cmTC_afa4b.dir/src.c.o
/usr/local/bin/clang -DC_SUPPORTS_CTAD_MAYBE_UNSPPORTED_FLAG  -fPIC -fno-semantic-interposition -Werror=date-time -Werror=unguarded-availability-new -Wall -Wextra -Wno-unused-parameter -Wwrite-strings -Wcast-qual -Wmissing-field-initializers -Wimplicit-fallthrough -Wcovered-switch-default -Wstring-conversion -Wmisleading-indentation    -Werror -Wctad-maybe-unsupported -MD -MT CMakeFiles/cmTC_afa4b.dir/src.c.o -MF CMakeFiles/cmTC_afa4b.dir/src.c.o.d -o CMakeFiles/cmTC_afa4b.dir/src.c.o -c /home/nothing/learn-llvm-17/tinylang/build/CMakeFiles/CMakeTmp/src.c
Linking C executable cmTC_afa4b
/usr/bin/cmake -E cmake_link_script CMakeFiles/cmTC_afa4b.dir/link.txt --verbose=1
/usr/local/bin/clang  -fPIC -fno-semantic-interposition -Werror=date-time -Werror=unguarded-availability-new -Wall -Wextra -Wno-unused-parameter -Wwrite-strings -Wcast-qual -Wmissing-field-initializers -Wimplicit-fallthrough -Wcovered-switch-default -Wstring-conversion -Wmisleading-indentation  CMakeFiles/cmTC_afa4b.dir/src.c.o -o cmTC_afa4b 
gmake[1]: Leaving directory '/home/nothing/learn-llvm-17/tinylang/build/CMakeFiles/CMakeTmp'


Source file was:
int main(void) { return 0; }
Performing C++ SOURCE FILE Test CXX_SUPPORTS_CTAD_MAYBE_UNSPPORTED_FLAG succeeded with the following output:
Change Dir: /home/nothing/learn-llvm-17/tinylang/build/CMakeFiles/CMakeTmp

Run Build Command(s):/usr/bin/gmake -f Makefile cmTC_0fb00/fast && /usr/bin/gmake  -f CMakeFiles/cmTC_0fb00.dir/build.make CMakeFiles/cmTC_0fb00.dir/build
gmake[1]: Entering directory '/home/nothing/learn-llvm-17/tinylang/build/CMakeFiles/CMakeTmp'
Building CXX object CMakeFiles/cmTC_0fb00.dir/src.cxx.o
/usr/local/bin/clang++ -DCXX_SUPPORTS_CTAD_MAYBE_UNSPPORTED_FLAG  -fPIC -fno-semantic-interposition -fvisibility-inlines-hidden -Werror=date-time -Werror=unguarded-availability-new -Wall -Wextra -Wno-unused-parameter -Wwrite-strings -Wcast-qual -Wmissing-field-initializers -Wimplicit-fallthrough -Wcovered-switch-default -Wno-noexcept-type -Wnon-virtual-dtor -Wdelete-non-virtual-dtor -Wsuggest-override -Wstring-conversion -Wmisleading-indentation    -Werror -Wctad-maybe-unsupported -MD -MT CMakeFiles/cmTC_0fb00.dir/src.cxx.o -MF CMakeFiles/cmTC_0fb00.dir/src.cxx.o.d -o CMakeFiles/cmTC_0fb00.dir/src.cxx.o -c /home/nothing/learn-llvm-17/tinylang/build/CMakeFiles/CMakeTmp/src.cxx
Linking CXX executable cmTC_0fb00
/usr/bin/cmake -E cmake_link_script CMakeFiles/cmTC_0fb00.dir/link.txt --verbose=1
/usr/local/bin/clang++  -fPIC -fno-semantic-interposition -fvisibility-inlines-hidden -Werror=date-time -Werror=unguarded-availability-new -Wall -Wextra -Wno-unused-parameter -Wwrite-strings -Wcast-qual -Wmissing-field-initializers -Wimplicit-fallthrough -Wcovered-switch-default -Wno-noexcept-type -Wnon-virtual-dtor -Wdelete-non-virtual-dtor -Wsuggest-override -Wstring-conversion -Wmisleading-indentation  CMakeFiles/cmTC_0fb00.dir/src.cxx.o -o cmTC_0fb00 
gmake[1]: Leaving directory '/home/nothing/learn-llvm-17/tinylang/build/CMakeFiles/CMakeTmp'


Source file was:
int main() { return 0; }
